#
# There is insufficient memory for the Java Runtime Environment to continue.
# Native memory allocation (mmap) failed to map 1048576 bytes. Error detail: G1 virtual space
# Possible reasons:
#   The system is out of physical RAM or swap space
#   This process is running with CompressedOops enabled, and the Java Heap may be blocking the growth of the native heap
# Possible solutions:
#   Reduce memory load on the system
#   Increase physical memory or swap space
#   Check if swap backing store is full
#   Decrease Java heap size (-Xmx/-Xms)
#   Decrease number of Java threads
#   Decrease Java thread stack sizes (-Xss)
#   Set larger code cache with -XX:ReservedCodeCacheSize=
#   JVM is running with Unscaled Compressed Oops mode in which the Java heap is
#     placed in the first 4GB address space. The Java Heap base address is the
#     maximum limit for the native heap growth. Please use -XX:HeapBaseMinAddress
#     to set the Java Heap base and to place the Java Heap above 4GB virtual address.
# This output file may be truncated or incomplete.
#
#  Out of Memory Error (os_windows.cpp:3616), pid=31740, tid=59580
#
# JRE version: OpenJDK Runtime Environment Corretto-21.0.4.7.1 (21.0.4+7) (build 21.0.4+7-LTS)
# Java VM: OpenJDK 64-Bit Server VM Corretto-21.0.4.7.1 (21.0.4+7-LTS, mixed mode, sharing, tiered, compressed oops, compressed class ptrs, g1 gc, windows-amd64)
# No core dump will be written. Minidumps are not enabled by default on client versions of Windows
#

---------------  S U M M A R Y ------------

Command Line: --add-opens=java.base/java.util=ALL-UNNAMED --add-opens=java.base/java.lang=ALL-UNNAMED --add-opens=java.base/java.lang.invoke=ALL-UNNAMED --add-opens=java.prefs/java.util.prefs=ALL-UNNAMED --add-opens=java.base/java.nio.charset=ALL-UNNAMED --add-opens=java.base/java.net=ALL-UNNAMED --add-opens=java.base/java.util.concurrent.atomic=ALL-UNNAMED -XX:MaxMetaspaceSize=384m -XX:+HeapDumpOnOutOfMemoryError -Xms256m -Xmx512m -Dfile.encoding=GBK -Duser.country=CN -Duser.language=zh -Duser.variant -javaagent:C:\Users\ADMIN\.gradle\wrapper\dists\gradle-8.6-bin\9kfl6m3v6ux5ki4g2exnpl853\gradle-8.6\lib\agents\gradle-instrumentation-agent-8.6.jar org.gradle.launcher.daemon.bootstrap.GradleDaemon 8.6

Host: Intel(R) Core(TM) i5-10600KF CPU @ 4.10GHz, 12 cores, 47G,  Windows 10 , 64 bit Build 19041 (10.0.19041.4597)
Time: Wed Jul 31 21:26:08 2024  Windows 10 , 64 bit Build 19041 (10.0.19041.4597) elapsed time: 22.474406 seconds (0d 0h 0m 22s)

---------------  T H R E A D  ---------------

Current thread (0x000001b1b6d46e70):  WorkerThread "GC Thread#4"    [id=59580, stack(0x00000061be000000,0x00000061be100000) (1024K)]

Stack: [0x00000061be000000,0x00000061be100000]
Native frames: (J=compiled Java code, j=interpreted, Vv=VM code, C=native code)
V  [jvm.dll+0x6d83d9]
V  [jvm.dll+0x8b39f3]
V  [jvm.dll+0x8b5d4e]
V  [jvm.dll+0x8b6433]
V  [jvm.dll+0x285816]
V  [jvm.dll+0x6d4b65]
V  [jvm.dll+0x6c929a]
V  [jvm.dll+0x35e2fb]
V  [jvm.dll+0x365ea6]
V  [jvm.dll+0x3b7b7b]
V  [jvm.dll+0x3b8234]
V  [jvm.dll+0x3b82fd]
V  [jvm.dll+0x3331fc]
V  [jvm.dll+0x332f58]
V  [jvm.dll+0x321bc6]
V  [jvm.dll+0x322a5a]
V  [jvm.dll+0x322f78]
V  [jvm.dll+0x3228be]
V  [jvm.dll+0x36016a]
V  [jvm.dll+0x3604e6]
V  [jvm.dll+0x36e623]
V  [jvm.dll+0x227bed]
V  [jvm.dll+0x35dc8b]
V  [jvm.dll+0x229d08]
V  [jvm.dll+0x36f49e]
V  [jvm.dll+0x36f2e4]
V  [jvm.dll+0x376da4]
V  [jvm.dll+0x376f1b]
V  [jvm.dll+0x8e1224]
V  [jvm.dll+0x85c768]
V  [jvm.dll+0x6d6bdd]
C  [ucrtbase.dll+0x21bb2]
C  [KERNEL32.DLL+0x17374]
C  [ntdll.dll+0x4cc91]


---------------  P R O C E S S  ---------------

Threads class SMR info:
_java_thread_list=0x000001b1d57110f0, length=56, elements={
0x000001b199b2f3d0, 0x000001b1b6d5df50, 0x000001b1d00060a0, 0x000001b1d00129c0,
0x000001b1d0013420, 0x000001b1d0013e80, 0x000001b1d0017100, 0x000001b1d001f3b0,
0x000001b1d001fe50, 0x000001b1d0124590, 0x000001b1d0240dd0, 0x000001b1d1a347f0,
0x000001b1d1c080a0, 0x000001b1d05742c0, 0x000001b1d1506eb0, 0x000001b1d1507520,
0x000001b1d1ce1790, 0x000001b1d19837b0, 0x000001b1d19844d0, 0x000001b1d19865a0,
0x000001b1d1986c30, 0x000001b1d1983e40, 0x000001b1d1984b60, 0x000001b1d19851f0,
0x000001b1d1985f10, 0x000001b1d292f670, 0x000001b1d292fd00, 0x000001b1d292d5a0,
0x000001b1d292c880, 0x000001b1d292dc30, 0x000001b1d292e950, 0x000001b1d292efe0,
0x000001b1d292cf10, 0x000001b1d64d07c0, 0x000001b1d64cfaa0, 0x000001b1d64d0130,
0x000001b1d64cf410, 0x000001b1d64d2f20, 0x000001b1d64d4ff0, 0x000001b1d64d35b0,
0x000001b1d64d5680, 0x000001b1d64d63a0, 0x000001b1d64d14e0, 0x000001b1d64d1b70,
0x000001b1d64d5d10, 0x000001b1d5f06d10, 0x000001b1d5f0a190, 0x000001b1d5f073a0,
0x000001b1d5f08750, 0x000001b1d5f07a30, 0x000001b1d5f0a820, 0x000001b1d5f080c0,
0x000001b1d5f08de0, 0x000001b1d5f06680, 0x000001b1d5f0c260, 0x000001b1d0e50050
}

Java Threads: ( => current thread )
  0x000001b199b2f3d0 JavaThread "main"                              [_thread_blocked, id=105656, stack(0x00000061bca00000,0x00000061bcb00000) (1024K)]
  0x000001b1b6d5df50 JavaThread "Reference Handler"          daemon [_thread_blocked, id=111120, stack(0x00000061bd200000,0x00000061bd300000) (1024K)]
  0x000001b1d00060a0 JavaThread "Finalizer"                  daemon [_thread_blocked, id=9068, stack(0x00000061bd300000,0x00000061bd400000) (1024K)]
  0x000001b1d00129c0 JavaThread "Signal Dispatcher"          daemon [_thread_blocked, id=42820, stack(0x00000061bd400000,0x00000061bd500000) (1024K)]
  0x000001b1d0013420 JavaThread "Attach Listener"            daemon [_thread_blocked, id=109952, stack(0x00000061bd500000,0x00000061bd600000) (1024K)]
  0x000001b1d0013e80 JavaThread "Service Thread"             daemon [_thread_blocked, id=111256, stack(0x00000061bd600000,0x00000061bd700000) (1024K)]
  0x000001b1d0017100 JavaThread "Monitor Deflation Thread"   daemon [_thread_blocked, id=92032, stack(0x00000061bd700000,0x00000061bd800000) (1024K)]
  0x000001b1d001f3b0 JavaThread "C2 CompilerThread0"         daemon [_thread_blocked, id=86304, stack(0x00000061bd800000,0x00000061bd900000) (1024K)]
  0x000001b1d001fe50 JavaThread "C1 CompilerThread0"         daemon [_thread_blocked, id=95340, stack(0x00000061bd900000,0x00000061bda00000) (1024K)]
  0x000001b1d0124590 JavaThread "Common-Cleaner"             daemon [_thread_blocked, id=75720, stack(0x00000061bda00000,0x00000061bdb00000) (1024K)]
  0x000001b1d0240dd0 JavaThread "Notification Thread"        daemon [_thread_blocked, id=45924, stack(0x00000061bdb00000,0x00000061bdc00000) (1024K)]
  0x000001b1d1a347f0 JavaThread "Daemon health stats"               [_thread_blocked, id=45452, stack(0x00000061be200000,0x00000061be300000) (1024K)]
  0x000001b1d1c080a0 JavaThread "Incoming local TCP Connector on port 62022"        [_thread_in_native, id=109004, stack(0x00000061be300000,0x00000061be400000) (1024K)]
  0x000001b1d05742c0 JavaThread "Daemon periodic checks"            [_thread_blocked, id=78816, stack(0x00000061be400000,0x00000061be500000) (1024K)]
  0x000001b1d1506eb0 JavaThread "Daemon"                            [_thread_blocked, id=95112, stack(0x00000061be500000,0x00000061be600000) (1024K)]
  0x000001b1d1507520 JavaThread "Handler for socket connection from /127.0.0.1:62022 to /127.0.0.1:62024"        [_thread_in_native, id=10244, stack(0x00000061be600000,0x00000061be700000) (1024K)]
  0x000001b1d1ce1790 JavaThread "Cancel handler"                    [_thread_blocked, id=95768, stack(0x00000061be700000,0x00000061be800000) (1024K)]
  0x000001b1d19837b0 JavaThread "Daemon worker"                     [_thread_blocked, id=66472, stack(0x00000061be800000,0x00000061be900000) (1024K)]
  0x000001b1d19844d0 JavaThread "Asynchronous log dispatcher for DefaultDaemonConnection: socket connection from /127.0.0.1:62022 to /127.0.0.1:62024"        [_thread_blocked, id=78036, stack(0x00000061be900000,0x00000061bea00000) (1024K)]
  0x000001b1d19865a0 JavaThread "Stdin handler"                     [_thread_blocked, id=101884, stack(0x00000061bea00000,0x00000061beb00000) (1024K)]
  0x000001b1d1986c30 JavaThread "Daemon client event forwarder"        [_thread_blocked, id=58968, stack(0x00000061beb00000,0x00000061bec00000) (1024K)]
  0x000001b1d1983e40 JavaThread "Cache worker for journal cache (C:\Users\ADMIN\.gradle\caches\journal-1)"        [_thread_blocked, id=2760, stack(0x00000061bec00000,0x00000061bed00000) (1024K)]
  0x000001b1d1984b60 JavaThread "File lock request listener"        [_thread_in_native, id=97908, stack(0x00000061bed00000,0x00000061bee00000) (1024K)]
  0x000001b1d19851f0 JavaThread "Cache worker for file hash cache (C:\Users\ADMIN\.gradle\caches\8.6\fileHashes)"        [_thread_blocked, id=1492, stack(0x00000061bee00000,0x00000061bef00000) (1024K)]
  0x000001b1d1985f10 JavaThread "File watcher server"        daemon [_thread_in_native, id=3896, stack(0x00000061bf600000,0x00000061bf700000) (1024K)]
  0x000001b1d292f670 JavaThread "File watcher consumer"      daemon [_thread_blocked, id=37508, stack(0x00000061bf700000,0x00000061bf800000) (1024K)]
  0x000001b1d292fd00 JavaThread "Cache worker for checksums cache (E:\Programs\Mod\MDK-main\.gradle\8.6\checksums)"        [_thread_blocked, id=105588, stack(0x00000061bf800000,0x00000061bf900000) (1024K)]
  0x000001b1d292d5a0 JavaThread "Cache worker for file hash cache (E:\Programs\Mod\MDK-main\.gradle\8.6\fileHashes)"        [_thread_blocked, id=22884, stack(0x00000061bf900000,0x00000061bfa00000) (1024K)]
  0x000001b1d292c880 JavaThread "Cache worker for cache directory md-supplier (C:\Users\ADMIN\.gradle\caches\8.6\md-supplier)"        [_thread_blocked, id=97128, stack(0x00000061bfa00000,0x00000061bfb00000) (1024K)]
  0x000001b1d292dc30 JavaThread "Cache worker for cache directory md-rule (C:\Users\ADMIN\.gradle\caches\8.6\md-rule)"        [_thread_blocked, id=44480, stack(0x00000061bfb00000,0x00000061bfc00000) (1024K)]
  0x000001b1d292e950 JavaThread "Cache worker for file content cache (C:\Users\ADMIN\.gradle\caches\8.6\fileContent)"        [_thread_blocked, id=10964, stack(0x00000061bfc00000,0x00000061bfd00000) (1024K)]
  0x000001b1d292efe0 JavaThread "jar transforms"                    [_thread_blocked, id=8132, stack(0x00000061bfd00000,0x00000061bfe00000) (1024K)]
  0x000001b1d292cf10 JavaThread "jar transforms Thread 2"           [_thread_blocked, id=78308, stack(0x00000061bfe00000,0x00000061bff00000) (1024K)]
  0x000001b1d64d07c0 JavaThread "jar transforms Thread 3"           [_thread_blocked, id=9352, stack(0x00000061bff00000,0x00000061c0000000) (1024K)]
  0x000001b1d64cfaa0 JavaThread "jar transforms Thread 4"           [_thread_blocked, id=93708, stack(0x00000061c0000000,0x00000061c0100000) (1024K)]
  0x000001b1d64d0130 JavaThread "jar transforms Thread 5"           [_thread_blocked, id=14188, stack(0x00000061c0100000,0x00000061c0200000) (1024K)]
  0x000001b1d64cf410 JavaThread "Unconstrained build operations"        [_thread_blocked, id=105776, stack(0x00000061c0200000,0x00000061c0300000) (1024K)]
  0x000001b1d64d2f20 JavaThread "Unconstrained build operations Thread 2"        [_thread_blocked, id=68732, stack(0x00000061c0300000,0x00000061c0400000) (1024K)]
  0x000001b1d64d4ff0 JavaThread "jar transforms Thread 6"           [_thread_blocked, id=11032, stack(0x00000061bef00000,0x00000061bf000000) (1024K)]
  0x000001b1d64d35b0 JavaThread "jar transforms Thread 7"           [_thread_blocked, id=41304, stack(0x00000061c0400000,0x00000061c0500000) (1024K)]
  0x000001b1d64d5680 JavaThread "Cache worker for Build Output Cleanup Cache (E:\Programs\Mod\MDK-main\.gradle\buildOutputCleanup)"        [_thread_blocked, id=2204, stack(0x00000061c0500000,0x00000061c0600000) (1024K)]
  0x000001b1d64d63a0 JavaThread "Unconstrained build operations Thread 3"        [_thread_blocked, id=13264, stack(0x00000061c0600000,0x00000061c0700000) (1024K)]
  0x000001b1d64d14e0 JavaThread "Unconstrained build operations Thread 4"        [_thread_blocked, id=39912, stack(0x00000061c0700000,0x00000061c0800000) (1024K)]
  0x000001b1d64d1b70 JavaThread "Unconstrained build operations Thread 5"        [_thread_blocked, id=58772, stack(0x00000061c0800000,0x00000061c0900000) (1024K)]
  0x000001b1d64d5d10 JavaThread "Unconstrained build operations Thread 6"        [_thread_blocked, id=62084, stack(0x00000061c0900000,0x00000061c0a00000) (1024K)]
  0x000001b1d5f06d10 JavaThread "Unconstrained build operations Thread 7"        [_thread_blocked, id=83676, stack(0x00000061c0a00000,0x00000061c0b00000) (1024K)]
  0x000001b1d5f0a190 JavaThread "Unconstrained build operations Thread 8"        [_thread_blocked, id=87560, stack(0x00000061c0b00000,0x00000061c0c00000) (1024K)]
  0x000001b1d5f073a0 JavaThread "Unconstrained build operations Thread 9"        [_thread_blocked, id=49240, stack(0x00000061c0c00000,0x00000061c0d00000) (1024K)]
  0x000001b1d5f08750 JavaThread "Unconstrained build operations Thread 10"        [_thread_blocked, id=67024, stack(0x00000061c0d00000,0x00000061c0e00000) (1024K)]
  0x000001b1d5f07a30 JavaThread "Unconstrained build operations Thread 11"        [_thread_blocked, id=91112, stack(0x00000061c0e00000,0x00000061c0f00000) (1024K)]
  0x000001b1d5f0a820 JavaThread "Unconstrained build operations Thread 12"        [_thread_blocked, id=55476, stack(0x00000061c0f00000,0x00000061c1000000) (1024K)]
  0x000001b1d5f080c0 JavaThread "Unconstrained build operations Thread 13"        [_thread_blocked, id=103488, stack(0x00000061c1000000,0x00000061c1100000) (1024K)]
  0x000001b1d5f08de0 JavaThread "Memory manager"                    [_thread_blocked, id=107056, stack(0x00000061c1100000,0x00000061c1200000) (1024K)]
  0x000001b1d5f06680 JavaThread "jar transforms Thread 8"           [_thread_blocked, id=58040, stack(0x00000061c1300000,0x00000061c1400000) (1024K)]
  0x000001b1d5f0c260 JavaThread "Keep-Alive-Timer"           daemon [_thread_blocked, id=85752, stack(0x00000061bdc00000,0x00000061bdd00000) (1024K)]
  0x000001b1d0e50050 JavaThread "C2 CompilerThread1"         daemon [_thread_blocked, id=95812, stack(0x00000061c1200000,0x00000061c1300000) (1024K)]
Total: 56

Other Threads:
  0x000001b1b6d46730 VMThread "VM Thread"                           [id=14060, stack(0x00000061bd100000,0x00000061bd200000) (1024K)]
  0x000001b1b6d2f3b0 WatcherThread "VM Periodic Task Thread"        [id=91412, stack(0x00000061bd000000,0x00000061bd100000) (1024K)]
  0x000001b199b5afa0 WorkerThread "GC Thread#0"                     [id=111084, stack(0x00000061bcb00000,0x00000061bcc00000) (1024K)]
  0x000001b1b6d458b0 WorkerThread "GC Thread#1"                     [id=68996, stack(0x00000061bdd00000,0x00000061bde00000) (1024K)]
  0x000001b1b6d45c50 WorkerThread "GC Thread#2"                     [id=54624, stack(0x00000061bde00000,0x00000061bdf00000) (1024K)]
  0x000001b1b6d46ad0 WorkerThread "GC Thread#3"                     [id=101264, stack(0x00000061bdf00000,0x00000061be000000) (1024K)]
=>0x000001b1b6d46e70 WorkerThread "GC Thread#4"                     [id=59580, stack(0x00000061be000000,0x00000061be100000) (1024K)]
  0x000001b1b6d45510 WorkerThread "GC Thread#5"                     [id=74284, stack(0x00000061be100000,0x00000061be200000) (1024K)]
  0x000001b1d1b54230 WorkerThread "GC Thread#6"                     [id=20612, stack(0x00000061bf000000,0x00000061bf100000) (1024K)]
  0x000001b1d1b557f0 WorkerThread "GC Thread#7"                     [id=92016, stack(0x00000061bf100000,0x00000061bf200000) (1024K)]
  0x000001b1d1b52190 WorkerThread "GC Thread#8"                     [id=42716, stack(0x00000061bf200000,0x00000061bf300000) (1024K)]
  0x000001b1d1b528d0 WorkerThread "GC Thread#9"                     [id=72152, stack(0x00000061bf300000,0x00000061bf400000) (1024K)]
  0x000001b199b60130 ConcurrentGCThread "G1 Main Marker"            [id=7088, stack(0x00000061bcc00000,0x00000061bcd00000) (1024K)]
  0x000001b199b61580 WorkerThread "G1 Conc#0"                       [id=85464, stack(0x00000061bcd00000,0x00000061bce00000) (1024K)]
  0x000001b1d1b54d10 WorkerThread "G1 Conc#1"                       [id=53100, stack(0x00000061bf400000,0x00000061bf500000) (1024K)]
  0x000001b1d1b54970 WorkerThread "G1 Conc#2"                       [id=85056, stack(0x00000061bf500000,0x00000061bf600000) (1024K)]
  0x000001b199bee8a0 ConcurrentGCThread "G1 Refine#0"               [id=2148, stack(0x00000061bce00000,0x00000061bcf00000) (1024K)]
  0x000001b1b6c04740 ConcurrentGCThread "G1 Service"                [id=19308, stack(0x00000061bcf00000,0x00000061bd000000) (1024K)]
Total: 18

Threads with active compile tasks:
Total: 0

VM state: at safepoint (normal execution)

VM Mutex/Monitor currently owned by a thread:  ([mutex/lock_event])
[0x00007ff851173d28] FreeList_lock - owner thread: 0x000001b1b6d46e70
[0x00007ff8511762a8] Threads_lock - owner thread: 0x000001b1b6d46730
[0x00007ff8511763a8] Heap_lock - owner thread: 0x000001b1d19837b0

Heap address: 0x00000000e0000000, size: 512 MB, Compressed Oops mode: 32-bit

CDS archive(s) mapped at: [0x000001b1b7000000-0x000001b1b7c90000-0x000001b1b7c90000), size 13172736, SharedBaseAddress: 0x000001b1b7000000, ArchiveRelocationMode: 1.
Compressed class space mapped at: 0x000001b1b8000000-0x000001b1cc000000, reserved size: 335544320
Narrow klass base: 0x000001b1b7000000, Narrow klass shift: 0, Narrow klass range: 0x100000000

GC Precious Log:
 CardTable entry size: 512
 Card Set container configuration: InlinePtr #cards 5 size 8 Array Of Cards #cards 12 size 40 Howl #buckets 4 coarsen threshold 1843 Howl Bitmap #cards 512 size 80 coarsen threshold 460 Card regions per heap region 1 cards per card region 2048
 CPUs: 12 total, 12 available
 Memory: 49005M
 Large Page Support: Disabled
 NUMA Support: Disabled
 Compressed Oops: Enabled (32-bit)
 Heap Region Size: 1M
 Heap Min Capacity: 256M
 Heap Initial Capacity: 256M
 Heap Max Capacity: 512M
 Pre-touch: Disabled
 Parallel Workers: 10
 Concurrent Workers: 3
 Concurrent Refinement Workers: 10
 Periodic GC: Disabled

Heap:
 garbage-first heap   total 321536K, used 309548K [0x00000000e0000000, 0x0000000100000000)
  region size 1024K, 170 young (174080K), 11 survivors (11264K)
 Metaspace       used 70639K, committed 72704K, reserved 393216K
  class space    used 9930K, committed 10944K, reserved 327680K

Heap Regions: E=young(eden), S=young(survivor), O=old, HS=humongous(starts), HC=humongous(continues), CS=collection set, F=free, TAMS=top-at-mark-start, PB=parsable bottom
|   0|0x00000000e0000000, 0x00000000e0100000, 0x00000000e0100000|100%|HS|  |TAMS 0x00000000e0000000| PB 0x00000000e0000000| Complete 
|   1|0x00000000e0100000, 0x00000000e0200000, 0x00000000e0200000|100%|HC|  |TAMS 0x00000000e0100000| PB 0x00000000e0100000| Complete 
|   2|0x00000000e0200000, 0x00000000e0300000, 0x00000000e0300000|100%|HC|  |TAMS 0x00000000e0200000| PB 0x00000000e0200000| Complete 
|   3|0x00000000e0300000, 0x00000000e0400000, 0x00000000e0400000|100%|HC|  |TAMS 0x00000000e0300000| PB 0x00000000e0300000| Complete 
|   4|0x00000000e0400000, 0x00000000e0500000, 0x00000000e0500000|100%| O|  |TAMS 0x00000000e0400000| PB 0x00000000e0400000| Untracked 
|   5|0x00000000e0500000, 0x00000000e0600000, 0x00000000e0600000|100%| O|  |TAMS 0x00000000e0500000| PB 0x00000000e0500000| Untracked 
|   6|0x00000000e0600000, 0x00000000e0700000, 0x00000000e0700000|100%| O|  |TAMS 0x00000000e0600000| PB 0x00000000e0600000| Untracked 
|   7|0x00000000e0700000, 0x00000000e0800000, 0x00000000e0800000|100%| O|  |TAMS 0x00000000e0700000| PB 0x00000000e0700000| Untracked 
|   8|0x00000000e0800000, 0x00000000e0900000, 0x00000000e0900000|100%| O|  |TAMS 0x00000000e0800000| PB 0x00000000e0800000| Untracked 
|   9|0x00000000e0900000, 0x00000000e0a00000, 0x00000000e0a00000|100%| O|  |TAMS 0x00000000e0900000| PB 0x00000000e0900000| Untracked 
|  10|0x00000000e0a00000, 0x00000000e0b00000, 0x00000000e0b00000|100%| O|  |TAMS 0x00000000e0a00000| PB 0x00000000e0a00000| Untracked 
|  11|0x00000000e0b00000, 0x00000000e0c00000, 0x00000000e0c00000|100%| O|  |TAMS 0x00000000e0b00000| PB 0x00000000e0b00000| Untracked 
|  12|0x00000000e0c00000, 0x00000000e0d00000, 0x00000000e0d00000|100%| O|  |TAMS 0x00000000e0c00000| PB 0x00000000e0c00000| Untracked 
|  13|0x00000000e0d00000, 0x00000000e0e00000, 0x00000000e0e00000|100%| O|Cm|TAMS 0x00000000e0d00000| PB 0x00000000e0d00000| Complete 
|  14|0x00000000e0e00000, 0x00000000e0f00000, 0x00000000e0f00000|100%| O|  |TAMS 0x00000000e0e00000| PB 0x00000000e0e00000| Untracked 
|  15|0x00000000e0f00000, 0x00000000e1000000, 0x00000000e1000000|100%| O|  |TAMS 0x00000000e0f00000| PB 0x00000000e0f00000| Untracked 
|  16|0x00000000e1000000, 0x00000000e1100000, 0x00000000e1100000|100%| O|  |TAMS 0x00000000e1000000| PB 0x00000000e1000000| Untracked 
|  17|0x00000000e1100000, 0x00000000e1200000, 0x00000000e1200000|100%| O|  |TAMS 0x00000000e1100000| PB 0x00000000e1100000| Untracked 
|  18|0x00000000e1200000, 0x00000000e1300000, 0x00000000e1300000|100%| O|  |TAMS 0x00000000e1200000| PB 0x00000000e1200000| Untracked 
|  19|0x00000000e1300000, 0x00000000e1400000, 0x00000000e1400000|100%| O|  |TAMS 0x00000000e1300000| PB 0x00000000e1300000| Untracked 
|  20|0x00000000e1400000, 0x00000000e1500000, 0x00000000e1500000|100%| O|  |TAMS 0x00000000e1400000| PB 0x00000000e1400000| Untracked 
|  21|0x00000000e1500000, 0x00000000e1600000, 0x00000000e1600000|100%| O|  |TAMS 0x00000000e1500000| PB 0x00000000e1500000| Untracked 
|  22|0x00000000e1600000, 0x00000000e1700000, 0x00000000e1700000|100%| O|  |TAMS 0x00000000e1600000| PB 0x00000000e1600000| Untracked 
|  23|0x00000000e1700000, 0x00000000e1800000, 0x00000000e1800000|100%|HS|  |TAMS 0x00000000e1700000| PB 0x00000000e1700000| Complete 
|  24|0x00000000e1800000, 0x00000000e1900000, 0x00000000e1900000|100%|HC|  |TAMS 0x00000000e1800000| PB 0x00000000e1800000| Complete 
|  25|0x00000000e1900000, 0x00000000e1a00000, 0x00000000e1a00000|100%| O|  |TAMS 0x00000000e1900000| PB 0x00000000e1900000| Untracked 
|  26|0x00000000e1a00000, 0x00000000e1b00000, 0x00000000e1b00000|100%| O|  |TAMS 0x00000000e1a00000| PB 0x00000000e1a00000| Untracked 
|  27|0x00000000e1b00000, 0x00000000e1c00000, 0x00000000e1c00000|100%| O|  |TAMS 0x00000000e1b00000| PB 0x00000000e1b00000| Untracked 
|  28|0x00000000e1c00000, 0x00000000e1d00000, 0x00000000e1d00000|100%| O|  |TAMS 0x00000000e1c00000| PB 0x00000000e1c00000| Untracked 
|  29|0x00000000e1d00000, 0x00000000e1e00000, 0x00000000e1e00000|100%| O|  |TAMS 0x00000000e1d00000| PB 0x00000000e1d00000| Untracked 
|  30|0x00000000e1e00000, 0x00000000e1f00000, 0x00000000e1f00000|100%| O|  |TAMS 0x00000000e1e00000| PB 0x00000000e1e00000| Untracked 
|  31|0x00000000e1f00000, 0x00000000e2000000, 0x00000000e2000000|100%| O|  |TAMS 0x00000000e1f00000| PB 0x00000000e1f00000| Untracked 
|  32|0x00000000e2000000, 0x00000000e2100000, 0x00000000e2100000|100%| O|  |TAMS 0x00000000e2000000| PB 0x00000000e2000000| Untracked 
|  33|0x00000000e2100000, 0x00000000e2200000, 0x00000000e2200000|100%| O|  |TAMS 0x00000000e2100000| PB 0x00000000e2100000| Untracked 
|  34|0x00000000e2200000, 0x00000000e2300000, 0x00000000e2300000|100%| O|  |TAMS 0x00000000e2200000| PB 0x00000000e2200000| Untracked 
|  35|0x00000000e2300000, 0x00000000e2400000, 0x00000000e2400000|100%| O|  |TAMS 0x00000000e2300000| PB 0x00000000e2300000| Untracked 
|  36|0x00000000e2400000, 0x00000000e2500000, 0x00000000e2500000|100%| O|  |TAMS 0x00000000e2400000| PB 0x00000000e2400000| Untracked 
|  37|0x00000000e2500000, 0x00000000e2600000, 0x00000000e2600000|100%| O|  |TAMS 0x00000000e2500000| PB 0x00000000e2500000| Untracked 
|  38|0x00000000e2600000, 0x00000000e2700000, 0x00000000e2700000|100%| O|  |TAMS 0x00000000e2600000| PB 0x00000000e2600000| Untracked 
|  39|0x00000000e2700000, 0x00000000e2800000, 0x00000000e2800000|100%| O|  |TAMS 0x00000000e2700000| PB 0x00000000e2700000| Untracked 
|  40|0x00000000e2800000, 0x00000000e2900000, 0x00000000e2900000|100%| O|  |TAMS 0x00000000e2800000| PB 0x00000000e2800000| Untracked 
|  41|0x00000000e2900000, 0x00000000e2a00000, 0x00000000e2a00000|100%| O|  |TAMS 0x00000000e2900000| PB 0x00000000e2900000| Untracked 
|  42|0x00000000e2a00000, 0x00000000e2b00000, 0x00000000e2b00000|100%| O|  |TAMS 0x00000000e2a00000| PB 0x00000000e2a00000| Untracked 
|  43|0x00000000e2b00000, 0x00000000e2c00000, 0x00000000e2c00000|100%| O|  |TAMS 0x00000000e2b00000| PB 0x00000000e2b00000| Untracked 
|  44|0x00000000e2c00000, 0x00000000e2d00000, 0x00000000e2d00000|100%| O|  |TAMS 0x00000000e2c00000| PB 0x00000000e2c00000| Untracked 
|  45|0x00000000e2d00000, 0x00000000e2e00000, 0x00000000e2e00000|100%| O|  |TAMS 0x00000000e2d00000| PB 0x00000000e2d00000| Untracked 
|  46|0x00000000e2e00000, 0x00000000e2f00000, 0x00000000e2f00000|100%| O|  |TAMS 0x00000000e2e00000| PB 0x00000000e2e00000| Untracked 
|  47|0x00000000e2f00000, 0x00000000e3000000, 0x00000000e3000000|100%| O|  |TAMS 0x00000000e2f00000| PB 0x00000000e2f00000| Untracked 
|  48|0x00000000e3000000, 0x00000000e3100000, 0x00000000e3100000|100%| O|  |TAMS 0x00000000e3000000| PB 0x00000000e3000000| Untracked 
|  49|0x00000000e3100000, 0x00000000e3200000, 0x00000000e3200000|100%| O|  |TAMS 0x00000000e3100000| PB 0x00000000e3100000| Untracked 
|  50|0x00000000e3200000, 0x00000000e3300000, 0x00000000e3300000|100%| O|  |TAMS 0x00000000e3200000| PB 0x00000000e3200000| Untracked 
|  51|0x00000000e3300000, 0x00000000e3400000, 0x00000000e3400000|100%| O|  |TAMS 0x00000000e3300000| PB 0x00000000e3300000| Untracked 
|  52|0x00000000e3400000, 0x00000000e34f10c0, 0x00000000e3500000| 94%| O|  |TAMS 0x00000000e3400000| PB 0x00000000e3400000| Untracked 
|  53|0x00000000e3500000, 0x00000000e3600000, 0x00000000e3600000|100%|HS|  |TAMS 0x00000000e3500000| PB 0x00000000e3500000| Complete 
|  54|0x00000000e3600000, 0x00000000e3700000, 0x00000000e3700000|100%|HC|  |TAMS 0x00000000e3600000| PB 0x00000000e3600000| Complete 
|  55|0x00000000e3700000, 0x00000000e3800000, 0x00000000e3800000|100%|HC|  |TAMS 0x00000000e3700000| PB 0x00000000e3700000| Complete 
|  56|0x00000000e3800000, 0x00000000e3900000, 0x00000000e3900000|100%|HC|  |TAMS 0x00000000e3800000| PB 0x00000000e3800000| Complete 
|  57|0x00000000e3900000, 0x00000000e3a00000, 0x00000000e3a00000|100%|HC|  |TAMS 0x00000000e3900000| PB 0x00000000e3900000| Complete 
|  58|0x00000000e3a00000, 0x00000000e3b00000, 0x00000000e3b00000|100%|HC|  |TAMS 0x00000000e3a00000| PB 0x00000000e3a00000| Complete 
|  59|0x00000000e3b00000, 0x00000000e3c00000, 0x00000000e3c00000|100%|HC|  |TAMS 0x00000000e3b00000| PB 0x00000000e3b00000| Complete 
|  60|0x00000000e3c00000, 0x00000000e3d00000, 0x00000000e3d00000|100%|HC|  |TAMS 0x00000000e3c00000| PB 0x00000000e3c00000| Complete 
|  61|0x00000000e3d00000, 0x00000000e3e00000, 0x00000000e3e00000|100%|HC|  |TAMS 0x00000000e3d00000| PB 0x00000000e3d00000| Complete 
|  62|0x00000000e3e00000, 0x00000000e3f00000, 0x00000000e3f00000|100%|HC|  |TAMS 0x00000000e3e00000| PB 0x00000000e3e00000| Complete 
|  63|0x00000000e3f00000, 0x00000000e4000000, 0x00000000e4000000|100%|HC|  |TAMS 0x00000000e3f00000| PB 0x00000000e3f00000| Complete 
|  64|0x00000000e4000000, 0x00000000e4100000, 0x00000000e4100000|100%|HC|  |TAMS 0x00000000e4000000| PB 0x00000000e4000000| Complete 
|  65|0x00000000e4100000, 0x00000000e4200000, 0x00000000e4200000|100%|HC|  |TAMS 0x00000000e4100000| PB 0x00000000e4100000| Complete 
|  66|0x00000000e4200000, 0x00000000e4300000, 0x00000000e4300000|100%|HC|  |TAMS 0x00000000e4200000| PB 0x00000000e4200000| Complete 
|  67|0x00000000e4300000, 0x00000000e4400000, 0x00000000e4400000|100%|HC|  |TAMS 0x00000000e4300000| PB 0x00000000e4300000| Complete 
|  68|0x00000000e4400000, 0x00000000e4500000, 0x00000000e4500000|100%|HC|  |TAMS 0x00000000e4400000| PB 0x00000000e4400000| Complete 
|  69|0x00000000e4500000, 0x00000000e4600000, 0x00000000e4600000|100%|HC|  |TAMS 0x00000000e4500000| PB 0x00000000e4500000| Complete 
|  70|0x00000000e4600000, 0x00000000e4700000, 0x00000000e4700000|100%|HC|  |TAMS 0x00000000e4600000| PB 0x00000000e4600000| Complete 
|  71|0x00000000e4700000, 0x00000000e4800000, 0x00000000e4800000|100%|HC|  |TAMS 0x00000000e4700000| PB 0x00000000e4700000| Complete 
|  72|0x00000000e4800000, 0x00000000e4900000, 0x00000000e4900000|100%|HC|  |TAMS 0x00000000e4800000| PB 0x00000000e4800000| Complete 
|  73|0x00000000e4900000, 0x00000000e4a00000, 0x00000000e4a00000|100%|HC|  |TAMS 0x00000000e4900000| PB 0x00000000e4900000| Complete 
|  74|0x00000000e4a00000, 0x00000000e4b00000, 0x00000000e4b00000|100%|HC|  |TAMS 0x00000000e4a00000| PB 0x00000000e4a00000| Complete 
|  75|0x00000000e4b00000, 0x00000000e4c00000, 0x00000000e4c00000|100%|HC|  |TAMS 0x00000000e4b00000| PB 0x00000000e4b00000| Complete 
|  76|0x00000000e4c00000, 0x00000000e4d00000, 0x00000000e4d00000|100%|HC|  |TAMS 0x00000000e4c00000| PB 0x00000000e4c00000| Complete 
|  77|0x00000000e4d00000, 0x00000000e4e00000, 0x00000000e4e00000|100%|HS|  |TAMS 0x00000000e4d00000| PB 0x00000000e4d00000| Complete 
|  78|0x00000000e4e00000, 0x00000000e4f00000, 0x00000000e4f00000|100%|HC|  |TAMS 0x00000000e4e00000| PB 0x00000000e4e00000| Complete 
|  79|0x00000000e4f00000, 0x00000000e5000000, 0x00000000e5000000|100%|HC|  |TAMS 0x00000000e4f00000| PB 0x00000000e4f00000| Complete 
|  80|0x00000000e5000000, 0x00000000e5100000, 0x00000000e5100000|100%|HC|  |TAMS 0x00000000e5000000| PB 0x00000000e5000000| Complete 
|  81|0x00000000e5100000, 0x00000000e5200000, 0x00000000e5200000|100%|HC|  |TAMS 0x00000000e5100000| PB 0x00000000e5100000| Complete 
|  82|0x00000000e5200000, 0x00000000e5300000, 0x00000000e5300000|100%|HC|  |TAMS 0x00000000e5200000| PB 0x00000000e5200000| Complete 
|  83|0x00000000e5300000, 0x00000000e5400000, 0x00000000e5400000|100%|HC|  |TAMS 0x00000000e5300000| PB 0x00000000e5300000| Complete 
|  84|0x00000000e5400000, 0x00000000e5500000, 0x00000000e5500000|100%|HC|  |TAMS 0x00000000e5400000| PB 0x00000000e5400000| Complete 
|  85|0x00000000e5500000, 0x00000000e5600000, 0x00000000e5600000|100%|HC|  |TAMS 0x00000000e5500000| PB 0x00000000e5500000| Complete 
|  86|0x00000000e5600000, 0x00000000e5700000, 0x00000000e5700000|100%|HS|  |TAMS 0x00000000e5600000| PB 0x00000000e5600000| Complete 
|  87|0x00000000e5700000, 0x00000000e5800000, 0x00000000e5800000|100%|HC|  |TAMS 0x00000000e5700000| PB 0x00000000e5700000| Complete 
|  88|0x00000000e5800000, 0x00000000e5900000, 0x00000000e5900000|100%|HC|  |TAMS 0x00000000e5800000| PB 0x00000000e5800000| Complete 
|  89|0x00000000e5900000, 0x00000000e5a00000, 0x00000000e5a00000|100%|HC|  |TAMS 0x00000000e5900000| PB 0x00000000e5900000| Complete 
|  90|0x00000000e5a00000, 0x00000000e5b00000, 0x00000000e5b00000|100%|HC|  |TAMS 0x00000000e5a00000| PB 0x00000000e5a00000| Complete 
|  91|0x00000000e5b00000, 0x00000000e5c00000, 0x00000000e5c00000|100%|HC|  |TAMS 0x00000000e5b00000| PB 0x00000000e5b00000| Complete 
|  92|0x00000000e5c00000, 0x00000000e5d00000, 0x00000000e5d00000|100%|HC|  |TAMS 0x00000000e5c00000| PB 0x00000000e5c00000| Complete 
|  93|0x00000000e5d00000, 0x00000000e5e00000, 0x00000000e5e00000|100%| E|CS|TAMS 0x00000000e5d00000| PB 0x00000000e5d00000| Complete 
|  94|0x00000000e5e00000, 0x00000000e5f00000, 0x00000000e5f00000|100%| E|CS|TAMS 0x00000000e5e00000| PB 0x00000000e5e00000| Complete 
|  95|0x00000000e5f00000, 0x00000000e6000000, 0x00000000e6000000|100%| E|CS|TAMS 0x00000000e5f00000| PB 0x00000000e5f00000| Complete 
|  96|0x00000000e6000000, 0x00000000e6100000, 0x00000000e6100000|100%| E|CS|TAMS 0x00000000e6000000| PB 0x00000000e6000000| Complete 
|  97|0x00000000e6100000, 0x00000000e6200000, 0x00000000e6200000|100%| E|CS|TAMS 0x00000000e6100000| PB 0x00000000e6100000| Complete 
|  98|0x00000000e6200000, 0x00000000e6300000, 0x00000000e6300000|100%| E|CS|TAMS 0x00000000e6200000| PB 0x00000000e6200000| Complete 
|  99|0x00000000e6300000, 0x00000000e6400000, 0x00000000e6400000|100%| E|CS|TAMS 0x00000000e6300000| PB 0x00000000e6300000| Complete 
| 100|0x00000000e6400000, 0x00000000e6500000, 0x00000000e6500000|100%| E|CS|TAMS 0x00000000e6400000| PB 0x00000000e6400000| Complete 
| 101|0x00000000e6500000, 0x00000000e6600000, 0x00000000e6600000|100%| E|CS|TAMS 0x00000000e6500000| PB 0x00000000e6500000| Complete 
| 102|0x00000000e6600000, 0x00000000e6700000, 0x00000000e6700000|100%| E|CS|TAMS 0x00000000e6600000| PB 0x00000000e6600000| Complete 
| 103|0x00000000e6700000, 0x00000000e6800000, 0x00000000e6800000|100%| E|CS|TAMS 0x00000000e6700000| PB 0x00000000e6700000| Complete 
| 104|0x00000000e6800000, 0x00000000e6900000, 0x00000000e6900000|100%| E|CS|TAMS 0x00000000e6800000| PB 0x00000000e6800000| Complete 
| 105|0x00000000e6900000, 0x00000000e6a00000, 0x00000000e6a00000|100%| E|CS|TAMS 0x00000000e6900000| PB 0x00000000e6900000| Complete 
| 106|0x00000000e6a00000, 0x00000000e6b00000, 0x00000000e6b00000|100%| E|CS|TAMS 0x00000000e6a00000| PB 0x00000000e6a00000| Complete 
| 107|0x00000000e6b00000, 0x00000000e6c00000, 0x00000000e6c00000|100%| E|CS|TAMS 0x00000000e6b00000| PB 0x00000000e6b00000| Complete 
| 108|0x00000000e6c00000, 0x00000000e6d00000, 0x00000000e6d00000|100%| E|CS|TAMS 0x00000000e6c00000| PB 0x00000000e6c00000| Complete 
| 109|0x00000000e6d00000, 0x00000000e6e00000, 0x00000000e6e00000|100%| E|CS|TAMS 0x00000000e6d00000| PB 0x00000000e6d00000| Complete 
| 110|0x00000000e6e00000, 0x00000000e6f00000, 0x00000000e6f00000|100%| E|CS|TAMS 0x00000000e6e00000| PB 0x00000000e6e00000| Complete 
| 111|0x00000000e6f00000, 0x00000000e7000000, 0x00000000e7000000|100%| E|CS|TAMS 0x00000000e6f00000| PB 0x00000000e6f00000| Complete 
| 112|0x00000000e7000000, 0x00000000e7100000, 0x00000000e7100000|100%| E|CS|TAMS 0x00000000e7000000| PB 0x00000000e7000000| Complete 
| 113|0x00000000e7100000, 0x00000000e7200000, 0x00000000e7200000|100%| E|CS|TAMS 0x00000000e7100000| PB 0x00000000e7100000| Complete 
| 114|0x00000000e7200000, 0x00000000e7300000, 0x00000000e7300000|100%| E|CS|TAMS 0x00000000e7200000| PB 0x00000000e7200000| Complete 
| 115|0x00000000e7300000, 0x00000000e7400000, 0x00000000e7400000|100%| E|CS|TAMS 0x00000000e7300000| PB 0x00000000e7300000| Complete 
| 116|0x00000000e7400000, 0x00000000e7500000, 0x00000000e7500000|100%| E|CS|TAMS 0x00000000e7400000| PB 0x00000000e7400000| Complete 
| 117|0x00000000e7500000, 0x00000000e7600000, 0x00000000e7600000|100%| E|CS|TAMS 0x00000000e7500000| PB 0x00000000e7500000| Complete 
| 118|0x00000000e7600000, 0x00000000e7700000, 0x00000000e7700000|100%| E|CS|TAMS 0x00000000e7600000| PB 0x00000000e7600000| Complete 
| 119|0x00000000e7700000, 0x00000000e7800000, 0x00000000e7800000|100%| E|CS|TAMS 0x00000000e7700000| PB 0x00000000e7700000| Complete 
| 120|0x00000000e7800000, 0x00000000e7900000, 0x00000000e7900000|100%| E|CS|TAMS 0x00000000e7800000| PB 0x00000000e7800000| Complete 
| 121|0x00000000e7900000, 0x00000000e7a00000, 0x00000000e7a00000|100%| E|CS|TAMS 0x00000000e7900000| PB 0x00000000e7900000| Complete 
| 122|0x00000000e7a00000, 0x00000000e7b00000, 0x00000000e7b00000|100%| E|CS|TAMS 0x00000000e7a00000| PB 0x00000000e7a00000| Complete 
| 123|0x00000000e7b00000, 0x00000000e7c00000, 0x00000000e7c00000|100%| E|CS|TAMS 0x00000000e7b00000| PB 0x00000000e7b00000| Complete 
| 124|0x00000000e7c00000, 0x00000000e7d00000, 0x00000000e7d00000|100%| E|CS|TAMS 0x00000000e7c00000| PB 0x00000000e7c00000| Complete 
| 125|0x00000000e7d00000, 0x00000000e7e00000, 0x00000000e7e00000|100%| E|CS|TAMS 0x00000000e7d00000| PB 0x00000000e7d00000| Complete 
| 126|0x00000000e7e00000, 0x00000000e7f00000, 0x00000000e7f00000|100%| E|CS|TAMS 0x00000000e7e00000| PB 0x00000000e7e00000| Complete 
| 127|0x00000000e7f00000, 0x00000000e8000000, 0x00000000e8000000|100%| E|CS|TAMS 0x00000000e7f00000| PB 0x00000000e7f00000| Complete 
| 128|0x00000000e8000000, 0x00000000e8100000, 0x00000000e8100000|100%| E|CS|TAMS 0x00000000e8000000| PB 0x00000000e8000000| Complete 
| 129|0x00000000e8100000, 0x00000000e8200000, 0x00000000e8200000|100%| E|CS|TAMS 0x00000000e8100000| PB 0x00000000e8100000| Complete 
| 130|0x00000000e8200000, 0x00000000e8300000, 0x00000000e8300000|100%| E|CS|TAMS 0x00000000e8200000| PB 0x00000000e8200000| Complete 
| 131|0x00000000e8300000, 0x00000000e8400000, 0x00000000e8400000|100%| E|CS|TAMS 0x00000000e8300000| PB 0x00000000e8300000| Complete 
| 132|0x00000000e8400000, 0x00000000e8500000, 0x00000000e8500000|100%| E|CS|TAMS 0x00000000e8400000| PB 0x00000000e8400000| Complete 
| 133|0x00000000e8500000, 0x00000000e8600000, 0x00000000e8600000|100%| E|CS|TAMS 0x00000000e8500000| PB 0x00000000e8500000| Complete 
| 134|0x00000000e8600000, 0x00000000e8700000, 0x00000000e8700000|100%| E|CS|TAMS 0x00000000e8600000| PB 0x00000000e8600000| Complete 
| 135|0x00000000e8700000, 0x00000000e8800000, 0x00000000e8800000|100%| E|CS|TAMS 0x00000000e8700000| PB 0x00000000e8700000| Complete 
| 136|0x00000000e8800000, 0x00000000e8900000, 0x00000000e8900000|100%| E|CS|TAMS 0x00000000e8800000| PB 0x00000000e8800000| Complete 
| 137|0x00000000e8900000, 0x00000000e8a00000, 0x00000000e8a00000|100%| E|CS|TAMS 0x00000000e8900000| PB 0x00000000e8900000| Complete 
| 138|0x00000000e8a00000, 0x00000000e8b00000, 0x00000000e8b00000|100%| E|CS|TAMS 0x00000000e8a00000| PB 0x00000000e8a00000| Complete 
| 139|0x00000000e8b00000, 0x00000000e8c00000, 0x00000000e8c00000|100%| E|CS|TAMS 0x00000000e8b00000| PB 0x00000000e8b00000| Complete 
| 140|0x00000000e8c00000, 0x00000000e8d00000, 0x00000000e8d00000|100%| E|CS|TAMS 0x00000000e8c00000| PB 0x00000000e8c00000| Complete 
| 141|0x00000000e8d00000, 0x00000000e8e00000, 0x00000000e8e00000|100%| E|CS|TAMS 0x00000000e8d00000| PB 0x00000000e8d00000| Complete 
| 142|0x00000000e8e00000, 0x00000000e8f00000, 0x00000000e8f00000|100%| E|CS|TAMS 0x00000000e8e00000| PB 0x00000000e8e00000| Complete 
| 143|0x00000000e8f00000, 0x00000000e9000000, 0x00000000e9000000|100%| E|CS|TAMS 0x00000000e8f00000| PB 0x00000000e8f00000| Complete 
| 144|0x00000000e9000000, 0x00000000e9100000, 0x00000000e9100000|100%| E|CS|TAMS 0x00000000e9000000| PB 0x00000000e9000000| Complete 
| 145|0x00000000e9100000, 0x00000000e9200000, 0x00000000e9200000|100%| E|CS|TAMS 0x00000000e9100000| PB 0x00000000e9100000| Complete 
| 146|0x00000000e9200000, 0x00000000e9300000, 0x00000000e9300000|100%| E|CS|TAMS 0x00000000e9200000| PB 0x00000000e9200000| Complete 
| 147|0x00000000e9300000, 0x00000000e9400000, 0x00000000e9400000|100%| E|CS|TAMS 0x00000000e9300000| PB 0x00000000e9300000| Complete 
| 148|0x00000000e9400000, 0x00000000e9500000, 0x00000000e9500000|100%| E|CS|TAMS 0x00000000e9400000| PB 0x00000000e9400000| Complete 
| 149|0x00000000e9500000, 0x00000000e9600000, 0x00000000e9600000|100%| E|CS|TAMS 0x00000000e9500000| PB 0x00000000e9500000| Complete 
| 150|0x00000000e9600000, 0x00000000e9700000, 0x00000000e9700000|100%| E|CS|TAMS 0x00000000e9600000| PB 0x00000000e9600000| Complete 
| 151|0x00000000e9700000, 0x00000000e9800000, 0x00000000e9800000|100%| E|CS|TAMS 0x00000000e9700000| PB 0x00000000e9700000| Complete 
| 152|0x00000000e9800000, 0x00000000e9900000, 0x00000000e9900000|100%| E|CS|TAMS 0x00000000e9800000| PB 0x00000000e9800000| Complete 
| 153|0x00000000e9900000, 0x00000000e9a00000, 0x00000000e9a00000|100%| E|CS|TAMS 0x00000000e9900000| PB 0x00000000e9900000| Complete 
| 154|0x00000000e9a00000, 0x00000000e9b00000, 0x00000000e9b00000|100%| E|CS|TAMS 0x00000000e9a00000| PB 0x00000000e9a00000| Complete 
| 155|0x00000000e9b00000, 0x00000000e9c00000, 0x00000000e9c00000|100%| E|CS|TAMS 0x00000000e9b00000| PB 0x00000000e9b00000| Complete 
| 156|0x00000000e9c00000, 0x00000000e9d00000, 0x00000000e9d00000|100%| E|CS|TAMS 0x00000000e9c00000| PB 0x00000000e9c00000| Complete 
| 157|0x00000000e9d00000, 0x00000000e9e00000, 0x00000000e9e00000|100%| E|CS|TAMS 0x00000000e9d00000| PB 0x00000000e9d00000| Complete 
| 158|0x00000000e9e00000, 0x00000000e9f00000, 0x00000000e9f00000|100%| E|CS|TAMS 0x00000000e9e00000| PB 0x00000000e9e00000| Complete 
| 159|0x00000000e9f00000, 0x00000000ea000000, 0x00000000ea000000|100%| E|CS|TAMS 0x00000000e9f00000| PB 0x00000000e9f00000| Complete 
| 160|0x00000000ea000000, 0x00000000ea100000, 0x00000000ea100000|100%| E|CS|TAMS 0x00000000ea000000| PB 0x00000000ea000000| Complete 
| 161|0x00000000ea100000, 0x00000000ea200000, 0x00000000ea200000|100%| E|CS|TAMS 0x00000000ea100000| PB 0x00000000ea100000| Complete 
| 162|0x00000000ea200000, 0x00000000ea300000, 0x00000000ea300000|100%| E|CS|TAMS 0x00000000ea200000| PB 0x00000000ea200000| Complete 
| 163|0x00000000ea300000, 0x00000000ea400000, 0x00000000ea400000|100%| E|CS|TAMS 0x00000000ea300000| PB 0x00000000ea300000| Complete 
| 164|0x00000000ea400000, 0x00000000ea500000, 0x00000000ea500000|100%| E|CS|TAMS 0x00000000ea400000| PB 0x00000000ea400000| Complete 
| 165|0x00000000ea500000, 0x00000000ea600000, 0x00000000ea600000|100%| E|CS|TAMS 0x00000000ea500000| PB 0x00000000ea500000| Complete 
| 166|0x00000000ea600000, 0x00000000ea700000, 0x00000000ea700000|100%| E|CS|TAMS 0x00000000ea600000| PB 0x00000000ea600000| Complete 
| 167|0x00000000ea700000, 0x00000000ea800000, 0x00000000ea800000|100%| E|CS|TAMS 0x00000000ea700000| PB 0x00000000ea700000| Complete 
| 168|0x00000000ea800000, 0x00000000ea900000, 0x00000000ea900000|100%| E|CS|TAMS 0x00000000ea800000| PB 0x00000000ea800000| Complete 
| 169|0x00000000ea900000, 0x00000000eaa00000, 0x00000000eaa00000|100%| E|CS|TAMS 0x00000000ea900000| PB 0x00000000ea900000| Complete 
| 170|0x00000000eaa00000, 0x00000000eab00000, 0x00000000eab00000|100%| E|CS|TAMS 0x00000000eaa00000| PB 0x00000000eaa00000| Complete 
| 171|0x00000000eab00000, 0x00000000eac00000, 0x00000000eac00000|100%| E|CS|TAMS 0x00000000eab00000| PB 0x00000000eab00000| Complete 
| 172|0x00000000eac00000, 0x00000000ead00000, 0x00000000ead00000|100%| E|CS|TAMS 0x00000000eac00000| PB 0x00000000eac00000| Complete 
| 173|0x00000000ead00000, 0x00000000eae00000, 0x00000000eae00000|100%| E|CS|TAMS 0x00000000ead00000| PB 0x00000000ead00000| Complete 
| 174|0x00000000eae00000, 0x00000000eaf00000, 0x00000000eaf00000|100%| E|CS|TAMS 0x00000000eae00000| PB 0x00000000eae00000| Complete 
| 175|0x00000000eaf00000, 0x00000000eb000000, 0x00000000eb000000|100%| E|CS|TAMS 0x00000000eaf00000| PB 0x00000000eaf00000| Complete 
| 176|0x00000000eb000000, 0x00000000eb100000, 0x00000000eb100000|100%| E|CS|TAMS 0x00000000eb000000| PB 0x00000000eb000000| Complete 
| 177|0x00000000eb100000, 0x00000000eb200000, 0x00000000eb200000|100%| E|CS|TAMS 0x00000000eb100000| PB 0x00000000eb100000| Complete 
| 178|0x00000000eb200000, 0x00000000eb300000, 0x00000000eb300000|100%| E|CS|TAMS 0x00000000eb200000| PB 0x00000000eb200000| Complete 
| 179|0x00000000eb300000, 0x00000000eb400000, 0x00000000eb400000|100%| E|CS|TAMS 0x00000000eb300000| PB 0x00000000eb300000| Complete 
| 180|0x00000000eb400000, 0x00000000eb500000, 0x00000000eb500000|100%| E|CS|TAMS 0x00000000eb400000| PB 0x00000000eb400000| Complete 
| 181|0x00000000eb500000, 0x00000000eb600000, 0x00000000eb600000|100%| E|CS|TAMS 0x00000000eb500000| PB 0x00000000eb500000| Complete 
| 182|0x00000000eb600000, 0x00000000eb700000, 0x00000000eb700000|100%| E|CS|TAMS 0x00000000eb600000| PB 0x00000000eb600000| Complete 
| 183|0x00000000eb700000, 0x00000000eb800000, 0x00000000eb800000|100%| E|CS|TAMS 0x00000000eb700000| PB 0x00000000eb700000| Complete 
| 184|0x00000000eb800000, 0x00000000eb900000, 0x00000000eb900000|100%| E|CS|TAMS 0x00000000eb800000| PB 0x00000000eb800000| Complete 
| 185|0x00000000eb900000, 0x00000000eba00000, 0x00000000eba00000|100%| E|CS|TAMS 0x00000000eb900000| PB 0x00000000eb900000| Complete 
| 186|0x00000000eba00000, 0x00000000ebb00000, 0x00000000ebb00000|100%| E|CS|TAMS 0x00000000eba00000| PB 0x00000000eba00000| Complete 
| 187|0x00000000ebb00000, 0x00000000ebc00000, 0x00000000ebc00000|100%| E|CS|TAMS 0x00000000ebb00000| PB 0x00000000ebb00000| Complete 
| 188|0x00000000ebc00000, 0x00000000ebd00000, 0x00000000ebd00000|100%| E|CS|TAMS 0x00000000ebc00000| PB 0x00000000ebc00000| Complete 
| 189|0x00000000ebd00000, 0x00000000ebe00000, 0x00000000ebe00000|100%| E|CS|TAMS 0x00000000ebd00000| PB 0x00000000ebd00000| Complete 
| 190|0x00000000ebe00000, 0x00000000ebf00000, 0x00000000ebf00000|100%| E|CS|TAMS 0x00000000ebe00000| PB 0x00000000ebe00000| Complete 
| 191|0x00000000ebf00000, 0x00000000ec000000, 0x00000000ec000000|100%| E|CS|TAMS 0x00000000ebf00000| PB 0x00000000ebf00000| Complete 
| 192|0x00000000ec000000, 0x00000000ec100000, 0x00000000ec100000|100%| E|CS|TAMS 0x00000000ec000000| PB 0x00000000ec000000| Complete 
| 193|0x00000000ec100000, 0x00000000ec200000, 0x00000000ec200000|100%| E|CS|TAMS 0x00000000ec100000| PB 0x00000000ec100000| Complete 
| 194|0x00000000ec200000, 0x00000000ec300000, 0x00000000ec300000|100%| E|CS|TAMS 0x00000000ec200000| PB 0x00000000ec200000| Complete 
| 195|0x00000000ec300000, 0x00000000ec400000, 0x00000000ec400000|100%| E|CS|TAMS 0x00000000ec300000| PB 0x00000000ec300000| Complete 
| 196|0x00000000ec400000, 0x00000000ec500000, 0x00000000ec500000|100%| E|CS|TAMS 0x00000000ec400000| PB 0x00000000ec400000| Complete 
| 197|0x00000000ec500000, 0x00000000ec600000, 0x00000000ec600000|100%| E|CS|TAMS 0x00000000ec500000| PB 0x00000000ec500000| Complete 
| 198|0x00000000ec600000, 0x00000000ec700000, 0x00000000ec700000|100%| E|CS|TAMS 0x00000000ec600000| PB 0x00000000ec600000| Complete 
| 199|0x00000000ec700000, 0x00000000ec800000, 0x00000000ec800000|100%| E|CS|TAMS 0x00000000ec700000| PB 0x00000000ec700000| Complete 
| 200|0x00000000ec800000, 0x00000000ec900000, 0x00000000ec900000|100%| E|CS|TAMS 0x00000000ec800000| PB 0x00000000ec800000| Complete 
| 201|0x00000000ec900000, 0x00000000eca00000, 0x00000000eca00000|100%| E|CS|TAMS 0x00000000ec900000| PB 0x00000000ec900000| Complete 
| 202|0x00000000eca00000, 0x00000000ecb00000, 0x00000000ecb00000|100%| E|CS|TAMS 0x00000000eca00000| PB 0x00000000eca00000| Complete 
| 203|0x00000000ecb00000, 0x00000000ecc00000, 0x00000000ecc00000|100%| E|CS|TAMS 0x00000000ecb00000| PB 0x00000000ecb00000| Complete 
| 204|0x00000000ecc00000, 0x00000000ecd00000, 0x00000000ecd00000|100%| E|CS|TAMS 0x00000000ecc00000| PB 0x00000000ecc00000| Complete 
| 205|0x00000000ecd00000, 0x00000000ece00000, 0x00000000ece00000|100%| E|CS|TAMS 0x00000000ecd00000| PB 0x00000000ecd00000| Complete 
| 206|0x00000000ece00000, 0x00000000ecf00000, 0x00000000ecf00000|100%| E|CS|TAMS 0x00000000ece00000| PB 0x00000000ece00000| Complete 
| 207|0x00000000ecf00000, 0x00000000ed000000, 0x00000000ed000000|100%| E|CS|TAMS 0x00000000ecf00000| PB 0x00000000ecf00000| Complete 
| 208|0x00000000ed000000, 0x00000000ed100000, 0x00000000ed100000|100%| E|CS|TAMS 0x00000000ed000000| PB 0x00000000ed000000| Complete 
| 209|0x00000000ed100000, 0x00000000ed200000, 0x00000000ed200000|100%| E|CS|TAMS 0x00000000ed100000| PB 0x00000000ed100000| Complete 
| 210|0x00000000ed200000, 0x00000000ed300000, 0x00000000ed300000|100%| E|CS|TAMS 0x00000000ed200000| PB 0x00000000ed200000| Complete 
| 211|0x00000000ed300000, 0x00000000ed400000, 0x00000000ed400000|100%| E|CS|TAMS 0x00000000ed300000| PB 0x00000000ed300000| Complete 
| 212|0x00000000ed400000, 0x00000000ed500000, 0x00000000ed500000|100%| E|CS|TAMS 0x00000000ed400000| PB 0x00000000ed400000| Complete 
| 213|0x00000000ed500000, 0x00000000ed600000, 0x00000000ed600000|100%| E|CS|TAMS 0x00000000ed500000| PB 0x00000000ed500000| Complete 
| 214|0x00000000ed600000, 0x00000000ed700000, 0x00000000ed700000|100%| E|CS|TAMS 0x00000000ed600000| PB 0x00000000ed600000| Complete 
| 215|0x00000000ed700000, 0x00000000ed800000, 0x00000000ed800000|100%| E|CS|TAMS 0x00000000ed700000| PB 0x00000000ed700000| Complete 
| 216|0x00000000ed800000, 0x00000000ed900000, 0x00000000ed900000|100%| E|CS|TAMS 0x00000000ed800000| PB 0x00000000ed800000| Complete 
| 217|0x00000000ed900000, 0x00000000eda00000, 0x00000000eda00000|100%| E|CS|TAMS 0x00000000ed900000| PB 0x00000000ed900000| Complete 
| 218|0x00000000eda00000, 0x00000000edb00000, 0x00000000edb00000|100%| E|CS|TAMS 0x00000000eda00000| PB 0x00000000eda00000| Complete 
| 219|0x00000000edb00000, 0x00000000edc00000, 0x00000000edc00000|100%| E|CS|TAMS 0x00000000edb00000| PB 0x00000000edb00000| Complete 
| 220|0x00000000edc00000, 0x00000000edd00000, 0x00000000edd00000|100%| E|CS|TAMS 0x00000000edc00000| PB 0x00000000edc00000| Complete 
| 221|0x00000000edd00000, 0x00000000ede00000, 0x00000000ede00000|100%| E|CS|TAMS 0x00000000edd00000| PB 0x00000000edd00000| Complete 
| 222|0x00000000ede00000, 0x00000000edf00000, 0x00000000edf00000|100%| E|CS|TAMS 0x00000000ede00000| PB 0x00000000ede00000| Complete 
| 223|0x00000000edf00000, 0x00000000ee000000, 0x00000000ee000000|100%| E|CS|TAMS 0x00000000edf00000| PB 0x00000000edf00000| Complete 
| 224|0x00000000ee000000, 0x00000000ee100000, 0x00000000ee100000|100%| E|CS|TAMS 0x00000000ee000000| PB 0x00000000ee000000| Complete 
| 225|0x00000000ee100000, 0x00000000ee200000, 0x00000000ee200000|100%| E|CS|TAMS 0x00000000ee100000| PB 0x00000000ee100000| Complete 
| 226|0x00000000ee200000, 0x00000000ee300000, 0x00000000ee300000|100%| E|CS|TAMS 0x00000000ee200000| PB 0x00000000ee200000| Complete 
| 227|0x00000000ee300000, 0x00000000ee400000, 0x00000000ee400000|100%| E|CS|TAMS 0x00000000ee300000| PB 0x00000000ee300000| Complete 
| 228|0x00000000ee400000, 0x00000000ee500000, 0x00000000ee500000|100%| E|CS|TAMS 0x00000000ee400000| PB 0x00000000ee400000| Complete 
| 229|0x00000000ee500000, 0x00000000ee600000, 0x00000000ee600000|100%| E|CS|TAMS 0x00000000ee500000| PB 0x00000000ee500000| Complete 
| 230|0x00000000ee600000, 0x00000000ee700000, 0x00000000ee700000|100%| E|CS|TAMS 0x00000000ee600000| PB 0x00000000ee600000| Complete 
| 231|0x00000000ee700000, 0x00000000ee800000, 0x00000000ee800000|100%| E|CS|TAMS 0x00000000ee700000| PB 0x00000000ee700000| Complete 
| 232|0x00000000ee800000, 0x00000000ee900000, 0x00000000ee900000|100%| E|CS|TAMS 0x00000000ee800000| PB 0x00000000ee800000| Complete 
| 233|0x00000000ee900000, 0x00000000eea00000, 0x00000000eea00000|100%| E|CS|TAMS 0x00000000ee900000| PB 0x00000000ee900000| Complete 
| 234|0x00000000eea00000, 0x00000000eeb00000, 0x00000000eeb00000|100%| E|CS|TAMS 0x00000000eea00000| PB 0x00000000eea00000| Complete 
| 235|0x00000000eeb00000, 0x00000000eec00000, 0x00000000eec00000|100%| E|CS|TAMS 0x00000000eeb00000| PB 0x00000000eeb00000| Complete 
| 236|0x00000000eec00000, 0x00000000eed00000, 0x00000000eed00000|100%| E|CS|TAMS 0x00000000eec00000| PB 0x00000000eec00000| Complete 
| 237|0x00000000eed00000, 0x00000000eee00000, 0x00000000eee00000|100%| E|CS|TAMS 0x00000000eed00000| PB 0x00000000eed00000| Complete 
| 238|0x00000000eee00000, 0x00000000eef00000, 0x00000000eef00000|100%| E|CS|TAMS 0x00000000eee00000| PB 0x00000000eee00000| Complete 
| 239|0x00000000eef00000, 0x00000000ef000000, 0x00000000ef000000|100%| E|CS|TAMS 0x00000000eef00000| PB 0x00000000eef00000| Complete 
| 240|0x00000000ef000000, 0x00000000ef100000, 0x00000000ef100000|100%| E|CS|TAMS 0x00000000ef000000| PB 0x00000000ef000000| Complete 
| 241|0x00000000ef100000, 0x00000000ef200000, 0x00000000ef200000|100%| E|CS|TAMS 0x00000000ef100000| PB 0x00000000ef100000| Complete 
| 242|0x00000000ef200000, 0x00000000ef300000, 0x00000000ef300000|100%| E|CS|TAMS 0x00000000ef200000| PB 0x00000000ef200000| Complete 
| 243|0x00000000ef300000, 0x00000000ef35a170, 0x00000000ef400000| 35%| E|CS|TAMS 0x00000000ef300000| PB 0x00000000ef300000| Complete 
| 244|0x00000000ef400000, 0x00000000ef500000, 0x00000000ef500000|100%| E|CS|TAMS 0x00000000ef400000| PB 0x00000000ef400000| Complete 
| 245|0x00000000ef500000, 0x00000000ef600000, 0x00000000ef600000|100%| E|CS|TAMS 0x00000000ef500000| PB 0x00000000ef500000| Complete 
| 246|0x00000000ef600000, 0x00000000ef700000, 0x00000000ef700000|100%| E|CS|TAMS 0x00000000ef600000| PB 0x00000000ef600000| Complete 
| 247|0x00000000ef700000, 0x00000000ef800000, 0x00000000ef800000|100%| E|CS|TAMS 0x00000000ef700000| PB 0x00000000ef700000| Complete 
| 248|0x00000000ef800000, 0x00000000ef900000, 0x00000000ef900000|100%| E|CS|TAMS 0x00000000ef800000| PB 0x00000000ef800000| Complete 
| 249|0x00000000ef900000, 0x00000000efa00000, 0x00000000efa00000|100%| E|CS|TAMS 0x00000000ef900000| PB 0x00000000ef900000| Complete 
| 250|0x00000000efa00000, 0x00000000efb00000, 0x00000000efb00000|100%| E|CS|TAMS 0x00000000efa00000| PB 0x00000000efa00000| Complete 
| 251|0x00000000efb00000, 0x00000000efc00000, 0x00000000efc00000|100%| E|CS|TAMS 0x00000000efb00000| PB 0x00000000efb00000| Complete 
| 252|0x00000000efc00000, 0x00000000efd00000, 0x00000000efd00000|100%| E|CS|TAMS 0x00000000efc00000| PB 0x00000000efc00000| Complete 
| 253|0x00000000efd00000, 0x00000000efe00000, 0x00000000efe00000|100%| E|CS|TAMS 0x00000000efd00000| PB 0x00000000efd00000| Complete 
| 254|0x00000000efe00000, 0x00000000eff00000, 0x00000000eff00000|100%| E|CS|TAMS 0x00000000efe00000| PB 0x00000000efe00000| Complete 
| 255|0x00000000eff00000, 0x00000000f0000000, 0x00000000f0000000|100%| E|CS|TAMS 0x00000000eff00000| PB 0x00000000eff00000| Complete 
| 256|0x00000000f0000000, 0x00000000f0100000, 0x00000000f0100000|100%|HS|  |TAMS 0x00000000f0000000| PB 0x00000000f0000000| Complete 
| 257|0x00000000f0100000, 0x00000000f0200000, 0x00000000f0200000|100%|HC|  |TAMS 0x00000000f0100000| PB 0x00000000f0100000| Complete 
| 258|0x00000000f0200000, 0x00000000f0300000, 0x00000000f0300000|100%|HC|  |TAMS 0x00000000f0200000| PB 0x00000000f0200000| Complete 
| 259|0x00000000f0300000, 0x00000000f0400000, 0x00000000f0400000|100%|HC|  |TAMS 0x00000000f0300000| PB 0x00000000f0300000| Complete 
| 260|0x00000000f0400000, 0x00000000f0500000, 0x00000000f0500000|100%|HC|  |TAMS 0x00000000f0400000| PB 0x00000000f0400000| Complete 
| 261|0x00000000f0500000, 0x00000000f0600000, 0x00000000f0600000|100%|HC|  |TAMS 0x00000000f0500000| PB 0x00000000f0500000| Complete 
| 262|0x00000000f0600000, 0x00000000f0700000, 0x00000000f0700000|100%|HC|  |TAMS 0x00000000f0600000| PB 0x00000000f0600000| Complete 
| 263|0x00000000f0700000, 0x00000000f0800000, 0x00000000f0800000|100%|HC|  |TAMS 0x00000000f0700000| PB 0x00000000f0700000| Complete 
| 264|0x00000000f0800000, 0x00000000f0900000, 0x00000000f0900000|100%|HC|  |TAMS 0x00000000f0800000| PB 0x00000000f0800000| Complete 
| 265|0x00000000f0900000, 0x00000000f0a00000, 0x00000000f0a00000|100%|HC|  |TAMS 0x00000000f0900000| PB 0x00000000f0900000| Complete 
| 266|0x00000000f0a00000, 0x00000000f0b00000, 0x00000000f0b00000|100%|HC|  |TAMS 0x00000000f0a00000| PB 0x00000000f0a00000| Complete 
| 267|0x00000000f0b00000, 0x00000000f0c00000, 0x00000000f0c00000|100%|HC|  |TAMS 0x00000000f0b00000| PB 0x00000000f0b00000| Complete 
| 268|0x00000000f0c00000, 0x00000000f0d00000, 0x00000000f0d00000|100%|HC|  |TAMS 0x00000000f0c00000| PB 0x00000000f0c00000| Complete 
| 269|0x00000000f0d00000, 0x00000000f0e00000, 0x00000000f0e00000|100%|HC|  |TAMS 0x00000000f0d00000| PB 0x00000000f0d00000| Complete 
| 270|0x00000000f0e00000, 0x00000000f0f00000, 0x00000000f0f00000|100%|HC|  |TAMS 0x00000000f0e00000| PB 0x00000000f0e00000| Complete 
| 271|0x00000000f0f00000, 0x00000000f1000000, 0x00000000f1000000|100%|HC|  |TAMS 0x00000000f0f00000| PB 0x00000000f0f00000| Complete 
| 272|0x00000000f1000000, 0x00000000f1100000, 0x00000000f1100000|100%|HC|  |TAMS 0x00000000f1000000| PB 0x00000000f1000000| Complete 
| 273|0x00000000f1100000, 0x00000000f1200000, 0x00000000f1200000|100%|HC|  |TAMS 0x00000000f1100000| PB 0x00000000f1100000| Complete 
| 274|0x00000000f1200000, 0x00000000f1300000, 0x00000000f1300000|100%|HC|  |TAMS 0x00000000f1200000| PB 0x00000000f1200000| Complete 
| 275|0x00000000f1300000, 0x00000000f1400000, 0x00000000f1400000|100%|HC|  |TAMS 0x00000000f1300000| PB 0x00000000f1300000| Complete 
| 276|0x00000000f1400000, 0x00000000f1500000, 0x00000000f1500000|100%|HC|  |TAMS 0x00000000f1400000| PB 0x00000000f1400000| Complete 
| 277|0x00000000f1500000, 0x00000000f1600000, 0x00000000f1600000|100%|HC|  |TAMS 0x00000000f1500000| PB 0x00000000f1500000| Complete 
| 278|0x00000000f1600000, 0x00000000f1700000, 0x00000000f1700000|100%|HC|  |TAMS 0x00000000f1600000| PB 0x00000000f1600000| Complete 
| 279|0x00000000f1700000, 0x00000000f1800000, 0x00000000f1800000|100%|HC|  |TAMS 0x00000000f1700000| PB 0x00000000f1700000| Complete 
| 280|0x00000000f1800000, 0x00000000f1900000, 0x00000000f1900000|100%|HC|  |TAMS 0x00000000f1800000| PB 0x00000000f1800000| Complete 
| 281|0x00000000f1900000, 0x00000000f1a00000, 0x00000000f1a00000|100%|HC|  |TAMS 0x00000000f1900000| PB 0x00000000f1900000| Complete 
| 282|0x00000000f1a00000, 0x00000000f1b00000, 0x00000000f1b00000|100%|HC|  |TAMS 0x00000000f1a00000| PB 0x00000000f1a00000| Complete 
| 283|0x00000000f1b00000, 0x00000000f1c00000, 0x00000000f1c00000|100%|HC|  |TAMS 0x00000000f1b00000| PB 0x00000000f1b00000| Complete 
| 284|0x00000000f1c00000, 0x00000000f1d00000, 0x00000000f1d00000|100%|HC|  |TAMS 0x00000000f1c00000| PB 0x00000000f1c00000| Complete 
| 285|0x00000000f1d00000, 0x00000000f1e00000, 0x00000000f1e00000|100%|HC|  |TAMS 0x00000000f1d00000| PB 0x00000000f1d00000| Complete 
| 286|0x00000000f1e00000, 0x00000000f1f00000, 0x00000000f1f00000|100%|HC|  |TAMS 0x00000000f1e00000| PB 0x00000000f1e00000| Complete 
| 287|0x00000000f1f00000, 0x00000000f2000000, 0x00000000f2000000|100%|HC|  |TAMS 0x00000000f1f00000| PB 0x00000000f1f00000| Complete 
| 288|0x00000000f2000000, 0x00000000f2100000, 0x00000000f2100000|100%|HC|  |TAMS 0x00000000f2000000| PB 0x00000000f2000000| Complete 
| 289|0x00000000f2100000, 0x00000000f2200000, 0x00000000f2200000|100%|HC|  |TAMS 0x00000000f2100000| PB 0x00000000f2100000| Complete 
| 290|0x00000000f2200000, 0x00000000f2300000, 0x00000000f2300000|100%|HC|  |TAMS 0x00000000f2200000| PB 0x00000000f2200000| Complete 
| 291|0x00000000f2300000, 0x00000000f2400000, 0x00000000f2400000|100%|HC|  |TAMS 0x00000000f2300000| PB 0x00000000f2300000| Complete 
| 292|0x00000000f2400000, 0x00000000f2500000, 0x00000000f2500000|100%|HC|  |TAMS 0x00000000f2400000| PB 0x00000000f2400000| Complete 
| 293|0x00000000f2500000, 0x00000000f2600000, 0x00000000f2600000|100%|HC|  |TAMS 0x00000000f2500000| PB 0x00000000f2500000| Complete 
| 294|0x00000000f2600000, 0x00000000f2700000, 0x00000000f2700000|100%|HC|  |TAMS 0x00000000f2600000| PB 0x00000000f2600000| Complete 
| 295|0x00000000f2700000, 0x00000000f2800000, 0x00000000f2800000|100%|HC|  |TAMS 0x00000000f2700000| PB 0x00000000f2700000| Complete 
| 296|0x00000000f2800000, 0x00000000f2900000, 0x00000000f2900000|100%|HC|  |TAMS 0x00000000f2800000| PB 0x00000000f2800000| Complete 
| 297|0x00000000f2900000, 0x00000000f2a00000, 0x00000000f2a00000|100%|HC|  |TAMS 0x00000000f2900000| PB 0x00000000f2900000| Complete 
| 298|0x00000000f2a00000, 0x00000000f2b00000, 0x00000000f2b00000|100%|HC|  |TAMS 0x00000000f2a00000| PB 0x00000000f2a00000| Complete 
| 299|0x00000000f2b00000, 0x00000000f2c00000, 0x00000000f2c00000|100%|HC|  |TAMS 0x00000000f2b00000| PB 0x00000000f2b00000| Complete 
| 300|0x00000000f2c00000, 0x00000000f2d00000, 0x00000000f2d00000|100%|HC|  |TAMS 0x00000000f2c00000| PB 0x00000000f2c00000| Complete 
| 301|0x00000000f2d00000, 0x00000000f2e00000, 0x00000000f2e00000|100%|HC|  |TAMS 0x00000000f2d00000| PB 0x00000000f2d00000| Complete 
| 302|0x00000000f2e00000, 0x00000000f2f00000, 0x00000000f2f00000|100%|HC|  |TAMS 0x00000000f2e00000| PB 0x00000000f2e00000| Complete 
| 303|0x00000000f2f00000, 0x00000000f3000000, 0x00000000f3000000|100%| S|  |TAMS 0x00000000f2f00000| PB 0x00000000f2f00000| Complete 
| 304|0x00000000f3000000, 0x00000000f3100000, 0x00000000f3100000|100%| S|  |TAMS 0x00000000f3000000| PB 0x00000000f3000000| Complete 
| 305|0x00000000f3100000, 0x00000000f3200000, 0x00000000f3200000|100%| S|  |TAMS 0x00000000f3100000| PB 0x00000000f3100000| Complete 
| 306|0x00000000f3200000, 0x00000000f3300000, 0x00000000f3300000|100%| S|  |TAMS 0x00000000f3200000| PB 0x00000000f3200000| Complete 
| 307|0x00000000f3300000, 0x00000000f3400000, 0x00000000f3400000|100%| S|  |TAMS 0x00000000f3300000| PB 0x00000000f3300000| Complete 
| 308|0x00000000f3400000, 0x00000000f3500000, 0x00000000f3500000|100%| S|  |TAMS 0x00000000f3400000| PB 0x00000000f3400000| Complete 
| 309|0x00000000f3500000, 0x00000000f3600000, 0x00000000f3600000|100%| S|  |TAMS 0x00000000f3500000| PB 0x00000000f3500000| Complete 
| 310|0x00000000f3600000, 0x00000000f3700000, 0x00000000f3700000|100%| S|  |TAMS 0x00000000f3600000| PB 0x00000000f3600000| Complete 
| 311|0x00000000f3700000, 0x00000000f3800000, 0x00000000f3800000|100%| S|  |TAMS 0x00000000f3700000| PB 0x00000000f3700000| Complete 
| 312|0x00000000f3800000, 0x00000000f3900000, 0x00000000f3900000|100%| S|  |TAMS 0x00000000f3800000| PB 0x00000000f3800000| Complete 
| 313|0x00000000f3900000, 0x00000000f3a00000, 0x00000000f3a00000|100%| S|  |TAMS 0x00000000f3900000| PB 0x00000000f3900000| Complete 

Card table byte_map: [0x000001b1b3770000,0x000001b1b3870000] _byte_map_base: 0x000001b1b3070000

Marking Bits: (CMBitMap*) 0x000001b199b5b6a0
 Bits: [0x000001b1b3870000, 0x000001b1b4070000)

Polling page: 0x000001b199bf0000

Metaspace:

Usage:
  Non-class:     59.29 MB used.
      Class:      9.70 MB used.
       Both:     68.98 MB used.

Virtual space:
  Non-class space:       64.00 MB reserved,      60.31 MB ( 94%) committed,  1 nodes.
      Class space:      320.00 MB reserved,      10.69 MB (  3%) committed,  1 nodes.
             Both:      384.00 MB reserved,      71.00 MB ( 18%) committed. 

Chunk freelists:
   Non-Class:  2.84 MB
       Class:  5.22 MB
        Both:  8.07 MB

MaxMetaspaceSize: 384.00 MB
CompressedClassSpaceSize: 320.00 MB
Initial GC threshold: 21.00 MB
Current GC threshold: 100.62 MB
CDS: on
 - commit_granule_bytes: 65536.
 - commit_granule_words: 8192.
 - virtual_space_node_default_size: 8388608.
 - enlarge_chunks_in_place: 1.
 - use_allocation_guard: 0.


Internal statistics:

num_allocs_failed_limit: 18.
num_arena_births: 3566.
num_arena_deaths: 0.
num_vsnodes_births: 2.
num_vsnodes_deaths: 0.
num_space_committed: 1136.
num_space_uncommitted: 0.
num_chunks_returned_to_freelist: 18.
num_chunks_taken_from_freelist: 6693.
num_chunk_merges: 18.
num_chunk_splits: 4355.
num_chunks_enlarged: 2649.
num_inconsistent_stats: 0.

CodeHeap 'non-profiled nmethods': size=120000Kb used=5608Kb max_used=5608Kb free=114391Kb
 bounds [0x000001b1ab4c0000, 0x000001b1aba40000, 0x000001b1b29f0000]
CodeHeap 'profiled nmethods': size=120000Kb used=17259Kb max_used=17259Kb free=102740Kb
 bounds [0x000001b1a39f0000, 0x000001b1a4ad0000, 0x000001b1aaf20000]
CodeHeap 'non-nmethods': size=5760Kb used=2841Kb max_used=2910Kb free=2918Kb
 bounds [0x000001b1aaf20000, 0x000001b1ab210000, 0x000001b1ab4c0000]
 total_blobs=9949 nmethods=9006 adapters=846
 compilation: enabled
              stopped_count=0, restarted_count=0
 full_count=0

Compilation events (20 events):
Event: 22.369 Thread 0x000001b1d001f3b0 9712       4       java.lang.AbstractStringBuilder::append (45 bytes)
Event: 22.371 Thread 0x000001b1d001f3b0 nmethod 9712 0x000001b1aba35c90 code [0x000001b1aba35e60, 0x000001b1aba36390]
Event: 22.372 Thread 0x000001b1d001fe50 9713       3       org.apache.commons.io.IOUtils::byteArray (4 bytes)
Event: 22.372 Thread 0x000001b1d001fe50 nmethod 9713 0x000001b1a4ac5690 code [0x000001b1a4ac5820, 0x000001b1a4ac59a8]
Event: 22.373 Thread 0x000001b1d001fe50 9714       3       org.apache.commons.io.IOUtils::copyLarge (9 bytes)
Event: 22.373 Thread 0x000001b1d001fe50 nmethod 9714 0x000001b1a4ac5a90 code [0x000001b1a4ac5c40, 0x000001b1a4ac5eb8]
Event: 22.373 Thread 0x000001b1d001fe50 9715       3       org.apache.commons.io.IOUtils::copy (10 bytes)
Event: 22.373 Thread 0x000001b1d001fe50 nmethod 9715 0x000001b1a4ac6010 code [0x000001b1a4ac61c0, 0x000001b1a4ac63d0]
Event: 22.373 Thread 0x000001b1d001fe50 9716   !   3       org.gradle.api.internal.file.AbstractFileTreeElement::copyTo (39 bytes)
Event: 22.373 Thread 0x000001b1d001fe50 nmethod 9716 0x000001b1a4ac6510 code [0x000001b1a4ac6720, 0x000001b1a4ac6df0]
Event: 22.373 Thread 0x000001b1d001fe50 9717   !   3       net.neoforged.gradle.util.CopyingFileTreeVisitor::visitFile (198 bytes)
Event: 22.374 Thread 0x000001b1d001fe50 nmethod 9717 0x000001b1a4ac7190 code [0x000001b1a4ac75c0, 0x000001b1a4ac90d8]
Event: 22.378 Thread 0x000001b1d0e50050 9718       4       sun.nio.fs.WindowsPath::getFileSystem (5 bytes)
Event: 22.378 Thread 0x000001b1d0e50050 nmethod 9718 0x000001b1aba36690 code [0x000001b1aba36800, 0x000001b1aba36890]
Event: 22.397 Thread 0x000001b1d001fe50 9719   !   3       net.neoforged.gradle.util.CopyingFileTreeVisitor::visitDir (69 bytes)
Event: 22.397 Thread 0x000001b1d001fe50 nmethod 9719 0x000001b1a4ac9c90 code [0x000001b1a4ac9f40, 0x000001b1a4acaa60]
Event: 22.415 Thread 0x000001b1d001f3b0 9720       4       sun.nio.fs.WindowsFileAttributes::isDirectory (25 bytes)
Event: 22.415 Thread 0x000001b1d001f3b0 nmethod 9720 0x000001b1aba36990 code [0x000001b1aba36b00, 0x000001b1aba36bc0]
Event: 22.415 Thread 0x000001b1d0e50050 9721       4       sun.nio.fs.WindowsPathParser::parse (504 bytes)
Event: 22.439 Thread 0x000001b1d0e50050 nmethod 9721 0x000001b1aba36c90 code [0x000001b1aba370a0, 0x000001b1aba38e68]

GC Heap History (19 events):
Event: 6.930 GC heap before
{Heap before GC invocations=0 (full 0):
 garbage-first heap   total 262144K, used 26624K [0x00000000e0000000, 0x0000000100000000)
  region size 1024K, 23 young (23552K), 0 survivors (0K)
 Metaspace       used 3252K, committed 3392K, reserved 393216K
  class space    used 416K, committed 448K, reserved 327680K
}
Event: 6.932 GC heap after
{Heap after GC invocations=1 (full 0):
 garbage-first heap   total 262144K, used 10853K [0x00000000e0000000, 0x0000000100000000)
  region size 1024K, 3 young (3072K), 3 survivors (3072K)
 Metaspace       used 3252K, committed 3392K, reserved 393216K
  class space    used 416K, committed 448K, reserved 327680K
}
Event: 9.687 GC heap before
{Heap before GC invocations=1 (full 0):
 garbage-first heap   total 262144K, used 40549K [0x00000000e0000000, 0x0000000100000000)
  region size 1024K, 32 young (32768K), 3 survivors (3072K)
 Metaspace       used 4151K, committed 4352K, reserved 393216K
  class space    used 508K, committed 640K, reserved 327680K
}
Event: 9.689 GC heap after
{Heap after GC invocations=2 (full 0):
 garbage-first heap   total 262144K, used 11541K [0x00000000e0000000, 0x0000000100000000)
  region size 1024K, 1 young (1024K), 1 survivors (1024K)
 Metaspace       used 4151K, committed 4352K, reserved 393216K
  class space    used 508K, committed 640K, reserved 327680K
}
Event: 12.457 GC heap before
{Heap before GC invocations=2 (full 0):
 garbage-first heap   total 262144K, used 117013K [0x00000000e0000000, 0x0000000100000000)
  region size 1024K, 105 young (107520K), 1 survivors (1024K)
 Metaspace       used 20836K, committed 21504K, reserved 393216K
  class space    used 3048K, committed 3392K, reserved 327680K
}
Event: 12.463 GC heap after
{Heap after GC invocations=3 (full 0):
 garbage-first heap   total 262144K, used 23217K [0x00000000e0000000, 0x0000000100000000)
  region size 1024K, 13 young (13312K), 13 survivors (13312K)
 Metaspace       used 20836K, committed 21504K, reserved 393216K
  class space    used 3048K, committed 3392K, reserved 327680K
}
Event: 13.485 GC heap before
{Heap before GC invocations=4 (full 0):
 garbage-first heap   total 262144K, used 126641K [0x00000000e0000000, 0x0000000100000000)
  region size 1024K, 116 young (118784K), 13 survivors (13312K)
 Metaspace       used 34725K, committed 35968K, reserved 393216K
  class space    used 4998K, committed 5632K, reserved 327680K
}
Event: 13.494 GC heap after
{Heap after GC invocations=5 (full 0):
 garbage-first heap   total 262144K, used 32083K [0x00000000e0000000, 0x0000000100000000)
  region size 1024K, 9 young (9216K), 9 survivors (9216K)
 Metaspace       used 34725K, committed 35968K, reserved 393216K
  class space    used 4998K, committed 5632K, reserved 327680K
}
Event: 13.516 GC heap before
{Heap before GC invocations=5 (full 0):
 garbage-first heap   total 262144K, used 40275K [0x00000000e0000000, 0x0000000100000000)
  region size 1024K, 13 young (13312K), 9 survivors (9216K)
 Metaspace       used 35078K, committed 36288K, reserved 393216K
  class space    used 5008K, committed 5632K, reserved 327680K
}
Event: 13.520 GC heap after
{Heap after GC invocations=6 (full 0):
 garbage-first heap   total 262144K, used 33921K [0x00000000e0000000, 0x0000000100000000)
  region size 1024K, 8 young (8192K), 8 survivors (8192K)
 Metaspace       used 35078K, committed 36288K, reserved 393216K
  class space    used 5008K, committed 5632K, reserved 327680K
}
Event: 13.522 GC heap before
{Heap before GC invocations=6 (full 0):
 garbage-first heap   total 262144K, used 33921K [0x00000000e0000000, 0x0000000100000000)
  region size 1024K, 8 young (8192K), 8 survivors (8192K)
 Metaspace       used 35396K, committed 36608K, reserved 393216K
  class space    used 5008K, committed 5632K, reserved 327680K
}
Event: 13.525 GC heap after
{Heap after GC invocations=7 (full 0):
 garbage-first heap   total 262144K, used 33921K [0x00000000e0000000, 0x0000000100000000)
  region size 1024K, 8 young (8192K), 8 survivors (8192K)
 Metaspace       used 35396K, committed 36608K, reserved 393216K
  class space    used 5008K, committed 5632K, reserved 327680K
}
Event: 15.228 GC heap before
{Heap before GC invocations=8 (full 0):
 garbage-first heap   total 262144K, used 183425K [0x00000000e0000000, 0x0000000100000000)
  region size 1024K, 153 young (156672K), 8 survivors (8192K)
 Metaspace       used 52246K, committed 53952K, reserved 393216K
  class space    used 7545K, committed 8384K, reserved 327680K
}
Event: 15.235 GC heap after
{Heap after GC invocations=9 (full 0):
 garbage-first heap   total 262144K, used 41387K [0x00000000e0000000, 0x0000000100000000)
  region size 1024K, 18 young (18432K), 18 survivors (18432K)
 Metaspace       used 52246K, committed 53952K, reserved 393216K
  class space    used 7545K, committed 8384K, reserved 327680K
}
Event: 19.092 GC heap before
{Heap before GC invocations=9 (full 0):
 garbage-first heap   total 262144K, used 167339K [0x00000000e0000000, 0x0000000100000000)
  region size 1024K, 141 young (144384K), 18 survivors (18432K)
 Metaspace       used 59381K, committed 61248K, reserved 393216K
  class space    used 8568K, committed 9472K, reserved 327680K
}
Event: 19.103 GC heap after
{Heap after GC invocations=10 (full 0):
 garbage-first heap   total 262144K, used 53676K [0x00000000e0000000, 0x0000000100000000)
  region size 1024K, 20 young (20480K), 20 survivors (20480K)
 Metaspace       used 59381K, committed 61248K, reserved 393216K
  class space    used 8568K, committed 9472K, reserved 327680K
}
Event: 19.138 GC heap before
{Heap before GC invocations=10 (full 0):
 garbage-first heap   total 262144K, used 61868K [0x00000000e0000000, 0x0000000100000000)
  region size 1024K, 29 young (29696K), 20 survivors (20480K)
 Metaspace       used 59671K, committed 61568K, reserved 393216K
  class space    used 8612K, committed 9536K, reserved 327680K
}
Event: 19.146 GC heap after
{Heap after GC invocations=11 (full 0):
 garbage-first heap   total 262144K, used 57644K [0x00000000e0000000, 0x0000000100000000)
  region size 1024K, 4 young (4096K), 4 survivors (4096K)
 Metaspace       used 59671K, committed 61568K, reserved 393216K
  class space    used 8612K, committed 9536K, reserved 327680K
}
Event: 22.468 GC heap before
{Heap before GC invocations=12 (full 0):
 garbage-first heap   total 310272K, used 308524K [0x00000000e0000000, 0x0000000100000000)
  region size 1024K, 163 young (166912K), 4 survivors (4096K)
 Metaspace       used 70639K, committed 72704K, reserved 393216K
  class space    used 9930K, committed 10944K, reserved 327680K
}

Dll operation events (15 events):
Event: 0.035 Loaded shared library C:\Users\ADMIN\.jdks\corretto-21.0.4\bin\java.dll
Event: 0.077 Loaded shared library C:\Users\ADMIN\.jdks\corretto-21.0.4\bin\jsvml.dll
Event: 0.111 Loaded shared library C:\Users\ADMIN\.jdks\corretto-21.0.4\bin\zip.dll
Event: 0.114 Loaded shared library C:\Users\ADMIN\.jdks\corretto-21.0.4\bin\instrument.dll
Event: 0.116 Loaded shared library C:\Users\ADMIN\.jdks\corretto-21.0.4\bin\net.dll
Event: 0.117 Loaded shared library C:\Users\ADMIN\.jdks\corretto-21.0.4\bin\nio.dll
Event: 0.128 Loaded shared library C:\Users\ADMIN\.jdks\corretto-21.0.4\bin\zip.dll
Event: 4.533 Loaded shared library C:\Users\ADMIN\.jdks\corretto-21.0.4\bin\jimage.dll
Event: 5.306 Loaded shared library C:\Users\ADMIN\.jdks\corretto-21.0.4\bin\verify.dll
Event: 6.820 Loaded shared library C:\Users\ADMIN\.gradle\native\c067742578af261105cb4f569cf0c3c89f3d7b1fecec35dd04571415982c5e48\windows-amd64\native-platform.dll
Event: 6.864 Loaded shared library C:\Users\ADMIN\.gradle\native\38dada09dfb8b06ba9b0570ebf7e218e3eb74d4ef43ca46872605cf95ebc2f47\windows-amd64\native-platform-file-events.dll
Event: 11.421 Loaded shared library C:\Users\ADMIN\.jdks\corretto-21.0.4\bin\management.dll
Event: 11.422 Loaded shared library C:\Users\ADMIN\.jdks\corretto-21.0.4\bin\management_ext.dll
Event: 11.579 Loaded shared library C:\Users\ADMIN\.jdks\corretto-21.0.4\bin\extnet.dll
Event: 11.663 Loaded shared library C:\Users\ADMIN\.jdks\corretto-21.0.4\bin\sunmscapi.dll

Deoptimization events (20 events):
Event: 21.818 Thread 0x000001b1d19837b0 DEOPT PACKING pc=0x000001b1a3d8839b sp=0x00000061be8f69d0
Event: 21.818 Thread 0x000001b1d19837b0 DEOPT UNPACKING pc=0x000001b1aaf74e42 sp=0x00000061be8f5e68 mode 0
Event: 21.818 Thread 0x000001b1d19837b0 DEOPT PACKING pc=0x000001b1a3d8839b sp=0x00000061be8f69d0
Event: 21.818 Thread 0x000001b1d19837b0 DEOPT UNPACKING pc=0x000001b1aaf74e42 sp=0x00000061be8f5e68 mode 0
Event: 21.818 Thread 0x000001b1d19837b0 DEOPT PACKING pc=0x000001b1a3d8839b sp=0x00000061be8f69d0
Event: 21.818 Thread 0x000001b1d19837b0 DEOPT UNPACKING pc=0x000001b1aaf74e42 sp=0x00000061be8f5e68 mode 0
Event: 21.818 Thread 0x000001b1d19837b0 DEOPT PACKING pc=0x000001b1a3d8839b sp=0x00000061be8f69d0
Event: 21.818 Thread 0x000001b1d19837b0 DEOPT UNPACKING pc=0x000001b1aaf74e42 sp=0x00000061be8f5e68 mode 0
Event: 21.819 Thread 0x000001b1d19837b0 DEOPT PACKING pc=0x000001b1a4a29a5d sp=0x00000061be8f6aa0
Event: 21.819 Thread 0x000001b1d19837b0 DEOPT UNPACKING pc=0x000001b1aaf74e42 sp=0x00000061be8f5f38 mode 0
Event: 22.093 Thread 0x000001b1d19837b0 DEOPT PACKING pc=0x000001b1a459039e sp=0x00000061be8f6b00
Event: 22.093 Thread 0x000001b1d19837b0 DEOPT UNPACKING pc=0x000001b1aaf74e42 sp=0x00000061be8f5f80 mode 0
Event: 22.130 Thread 0x000001b1d19837b0 Uncommon trap: trap_request=0xffffff45 fr.pc=0x000001b1ab8da014 relative=0x0000000000001074
Event: 22.130 Thread 0x000001b1d19837b0 Uncommon trap: reason=unstable_if action=reinterpret pc=0x000001b1ab8da014 method=java.util.concurrent.ConcurrentHashMap.putVal(Ljava/lang/Object;Ljava/lang/Object;Z)Ljava/lang/Object; @ 245 c2
Event: 22.130 Thread 0x000001b1d19837b0 DEOPT PACKING pc=0x000001b1ab8da014 sp=0x00000061be8f6e90
Event: 22.130 Thread 0x000001b1d19837b0 DEOPT UNPACKING pc=0x000001b1aaf746a2 sp=0x00000061be8f6e38 mode 2
Event: 22.304 Thread 0x000001b1d19837b0 Uncommon trap: trap_request=0xffffff45 fr.pc=0x000001b1ab9a1c78 relative=0x0000000000000358
Event: 22.304 Thread 0x000001b1d19837b0 Uncommon trap: reason=unstable_if action=reinterpret pc=0x000001b1ab9a1c78 method=java.nio.channels.spi.AbstractInterruptibleChannel.begin()V @ 4 c2
Event: 22.304 Thread 0x000001b1d19837b0 DEOPT PACKING pc=0x000001b1ab9a1c78 sp=0x00000061be8f6890
Event: 22.304 Thread 0x000001b1d19837b0 DEOPT UNPACKING pc=0x000001b1aaf746a2 sp=0x00000061be8f6860 mode 2

Classes loaded (20 events):
Event: 21.670 Loading class sun/net/www/HeaderParser
Event: 21.670 Loading class sun/net/www/HeaderParser done
Event: 21.670 Loading class sun/net/www/http/KeepAliveCache$1
Event: 21.670 Loading class sun/net/www/http/KeepAliveCache$1 done
Event: 21.670 Loading class sun/net/www/http/KeepAliveCache$ClientVector
Event: 21.670 Loading class sun/net/www/http/KeepAliveCache$ClientVector done
Event: 21.671 Loading class sun/net/www/http/KeepAliveEntry
Event: 21.671 Loading class sun/net/www/http/KeepAliveEntry done
Event: 21.671 Loading class sun/net/www/protocol/http/EmptyInputStream
Event: 21.671 Loading class sun/net/www/protocol/http/EmptyInputStream done
Event: 21.671 Loading class sun/net/www/protocol/http/HttpURLConnection$HttpInputStream
Event: 21.671 Loading class sun/net/www/protocol/http/HttpURLConnection$HttpInputStream done
Event: 21.747 Loading class java/lang/StringBeanInfo
Event: 21.747 Loading class java/lang/StringBeanInfo done
Event: 21.747 Loading class java/lang/StringBeanInfo
Event: 21.747 Loading class java/lang/StringBeanInfo done
Event: 21.747 Loading class java/lang/StringCustomizer
Event: 21.747 Loading class java/lang/StringCustomizer done
Event: 21.747 Loading class java/lang/StringCustomizer
Event: 21.747 Loading class java/lang/StringCustomizer done

Classes unloaded (0 events):
No events

Classes redefined (0 events):
No events

Internal exceptions (20 events):
Event: 22.462 Thread 0x000001b1d19837b0 Exception <a 'sun/nio/fs/WindowsException'{0x00000000e5d7ae98}> (0x00000000e5d7ae98) 
thrown [s\src\hotspot\share\prims\jni.cpp, line 520]
Event: 22.462 Thread 0x000001b1d19837b0 Exception <a 'sun/nio/fs/WindowsException'{0x00000000e5d83128}> (0x00000000e5d83128) 
thrown [s\src\hotspot\share\prims\jni.cpp, line 520]
Event: 22.462 Thread 0x000001b1d19837b0 Exception <a 'sun/nio/fs/WindowsException'{0x00000000e5d8a2c8}> (0x00000000e5d8a2c8) 
thrown [s\src\hotspot\share\prims\jni.cpp, line 520]
Event: 22.462 Thread 0x000001b1d19837b0 Exception <a 'sun/nio/fs/WindowsException'{0x00000000e5d90d38}> (0x00000000e5d90d38) 
thrown [s\src\hotspot\share\prims\jni.cpp, line 520]
Event: 22.463 Thread 0x000001b1d19837b0 Exception <a 'sun/nio/fs/WindowsException'{0x00000000e5d97778}> (0x00000000e5d97778) 
thrown [s\src\hotspot\share\prims\jni.cpp, line 520]
Event: 22.463 Thread 0x000001b1d19837b0 Exception <a 'sun/nio/fs/WindowsException'{0x00000000e5d9e1c0}> (0x00000000e5d9e1c0) 
thrown [s\src\hotspot\share\prims\jni.cpp, line 520]
Event: 22.463 Thread 0x000001b1d19837b0 Exception <a 'sun/nio/fs/WindowsException'{0x00000000e5da4c18}> (0x00000000e5da4c18) 
thrown [s\src\hotspot\share\prims\jni.cpp, line 520]
Event: 22.464 Thread 0x000001b1d19837b0 Exception <a 'sun/nio/fs/WindowsException'{0x00000000e5dabe98}> (0x00000000e5dabe98) 
thrown [s\src\hotspot\share\prims\jni.cpp, line 520]
Event: 22.464 Thread 0x000001b1d19837b0 Exception <a 'sun/nio/fs/WindowsException'{0x00000000e5db2960}> (0x00000000e5db2960) 
thrown [s\src\hotspot\share\prims\jni.cpp, line 520]
Event: 22.465 Thread 0x000001b1d19837b0 Exception <a 'sun/nio/fs/WindowsException'{0x00000000e5db9c88}> (0x00000000e5db9c88) 
thrown [s\src\hotspot\share\prims\jni.cpp, line 520]
Event: 22.465 Thread 0x000001b1d19837b0 Exception <a 'sun/nio/fs/WindowsException'{0x00000000e5dc07e0}> (0x00000000e5dc07e0) 
thrown [s\src\hotspot\share\prims\jni.cpp, line 520]
Event: 22.465 Thread 0x000001b1d19837b0 Exception <a 'sun/nio/fs/WindowsException'{0x00000000e5dc7348}> (0x00000000e5dc7348) 
thrown [s\src\hotspot\share\prims\jni.cpp, line 520]
Event: 22.466 Thread 0x000001b1d19837b0 Exception <a 'sun/nio/fs/WindowsException'{0x00000000e5dcdeb8}> (0x00000000e5dcdeb8) 
thrown [s\src\hotspot\share\prims\jni.cpp, line 520]
Event: 22.466 Thread 0x000001b1d19837b0 Exception <a 'sun/nio/fs/WindowsException'{0x00000000e5dd4bd8}> (0x00000000e5dd4bd8) 
thrown [s\src\hotspot\share\prims\jni.cpp, line 520]
Event: 22.466 Thread 0x000001b1d19837b0 Exception <a 'sun/nio/fs/WindowsException'{0x00000000e5ddb780}> (0x00000000e5ddb780) 
thrown [s\src\hotspot\share\prims\jni.cpp, line 520]
Event: 22.467 Thread 0x000001b1d19837b0 Exception <a 'sun/nio/fs/WindowsException'{0x00000000e5de22f8}> (0x00000000e5de22f8) 
thrown [s\src\hotspot\share\prims\jni.cpp, line 520]
Event: 22.467 Thread 0x000001b1d19837b0 Exception <a 'sun/nio/fs/WindowsException'{0x00000000e5de8e40}> (0x00000000e5de8e40) 
thrown [s\src\hotspot\share\prims\jni.cpp, line 520]
Event: 22.467 Thread 0x000001b1d19837b0 Exception <a 'sun/nio/fs/WindowsException'{0x00000000e5defb30}> (0x00000000e5defb30) 
thrown [s\src\hotspot\share\prims\jni.cpp, line 520]
Event: 22.467 Thread 0x000001b1d19837b0 Exception <a 'sun/nio/fs/WindowsException'{0x00000000e5df66a8}> (0x00000000e5df66a8) 
thrown [s\src\hotspot\share\prims\jni.cpp, line 520]
Event: 22.468 Thread 0x000001b1d19837b0 Exception <a 'sun/nio/fs/WindowsException'{0x00000000e5dfd230}> (0x00000000e5dfd230) 
thrown [s\src\hotspot\share\prims\jni.cpp, line 520]

ZGC Phase Switch (0 events):
No events

VM Operations (20 events):
Event: 20.954 Executing VM operation: HandshakeAllThreads (Deoptimize) done
Event: 20.997 Executing VM operation: HandshakeAllThreads (Deoptimize)
Event: 20.998 Executing VM operation: HandshakeAllThreads (Deoptimize) done
Event: 21.003 Executing VM operation: HandshakeAllThreads (Deoptimize)
Event: 21.003 Executing VM operation: HandshakeAllThreads (Deoptimize) done
Event: 21.088 Executing VM operation: HandshakeAllThreads (Deoptimize)
Event: 21.088 Executing VM operation: HandshakeAllThreads (Deoptimize) done
Event: 21.108 Executing VM operation: ICBufferFull
Event: 21.108 Executing VM operation: ICBufferFull done
Event: 21.221 Executing VM operation: HandshakeAllThreads (Deoptimize)
Event: 21.221 Executing VM operation: HandshakeAllThreads (Deoptimize) done
Event: 21.222 Executing VM operation: HandshakeAllThreads (Deoptimize)
Event: 21.222 Executing VM operation: HandshakeAllThreads (Deoptimize) done
Event: 21.671 Executing VM operation: HandshakeAllThreads (Deoptimize)
Event: 21.671 Executing VM operation: HandshakeAllThreads (Deoptimize) done
Event: 22.128 Executing VM operation: HandshakeAllThreads (Deoptimize)
Event: 22.128 Executing VM operation: HandshakeAllThreads (Deoptimize) done
Event: 22.128 Executing VM operation: Cleanup
Event: 22.128 Executing VM operation: Cleanup done
Event: 22.468 Executing VM operation: G1CollectForAllocation (G1 Evacuation Pause)

Memory protections (0 events):
No events

Nmethod flushes (20 events):
Event: 19.166 Thread 0x000001b1b6d46730 flushing  nmethod 0x000001b1a3e58610
Event: 19.166 Thread 0x000001b1b6d46730 flushing  nmethod 0x000001b1a3e59810
Event: 19.166 Thread 0x000001b1b6d46730 flushing  nmethod 0x000001b1a3e66a10
Event: 19.166 Thread 0x000001b1b6d46730 flushing  nmethod 0x000001b1a3fe0610
Event: 19.166 Thread 0x000001b1b6d46730 flushing  nmethod 0x000001b1a41af810
Event: 19.166 Thread 0x000001b1b6d46730 flushing  nmethod 0x000001b1ab5dac90
Event: 19.166 Thread 0x000001b1b6d46730 flushing  nmethod 0x000001b1a3a5a290
Event: 19.166 Thread 0x000001b1b6d46730 flushing  nmethod 0x000001b1a3af4910
Event: 19.166 Thread 0x000001b1b6d46730 flushing  nmethod 0x000001b1a3ca2e10
Event: 19.166 Thread 0x000001b1b6d46730 flushing  nmethod 0x000001b1a3d5fe90
Event: 19.166 Thread 0x000001b1b6d46730 flushing  nmethod 0x000001b1a3d60510
Event: 19.166 Thread 0x000001b1b6d46730 flushing  nmethod 0x000001b1a3d67390
Event: 19.166 Thread 0x000001b1b6d46730 flushing  nmethod 0x000001b1a3e3c610
Event: 19.166 Thread 0x000001b1b6d46730 flushing  nmethod 0x000001b1a3e3df90
Event: 19.166 Thread 0x000001b1b6d46730 flushing  nmethod 0x000001b1a3e47790
Event: 19.166 Thread 0x000001b1b6d46730 flushing  nmethod 0x000001b1a3ef4590
Event: 19.166 Thread 0x000001b1b6d46730 flushing  nmethod 0x000001b1a3f5d210
Event: 19.166 Thread 0x000001b1b6d46730 flushing  nmethod 0x000001b1a3f67110
Event: 19.166 Thread 0x000001b1b6d46730 flushing  nmethod 0x000001b1a3fae810
Event: 19.166 Thread 0x000001b1b6d46730 flushing  nmethod 0x000001b1a40ce910

Events (20 events):
Event: 15.787 Thread 0x000001b1d19837b0 Thread added: 0x000001b1d5f07a30
Event: 15.787 Thread 0x000001b1d19837b0 Thread added: 0x000001b1d5f0a820
Event: 15.788 Thread 0x000001b1d19837b0 Thread added: 0x000001b1d5f080c0
Event: 16.086 Thread 0x000001b1d19837b0 Thread added: 0x000001b1d5f08de0
Event: 16.840 Thread 0x000001b1d0e50050 Thread exited: 0x000001b1d0e50050
Event: 18.868 Thread 0x000001b1d001fe50 Thread added: 0x000001b1d0e50050
Event: 18.927 Thread 0x000001b1d001fe50 Thread added: 0x000001b1d44a2d40
Event: 19.327 Thread 0x000001b1d19837b0 Thread added: 0x000001b1d5f06680
Event: 19.655 Thread 0x000001b1d44a2d40 Thread exited: 0x000001b1d44a2d40
Event: 19.655 Thread 0x000001b1d0e50050 Thread exited: 0x000001b1d0e50050
Event: 20.600 Thread 0x000001b1d001fe50 Thread added: 0x000001b1d0e50050
Event: 21.112 Thread 0x000001b1d001fe50 Thread added: 0x000001b1d6831bc0
Event: 21.256 Thread 0x000001b1d19837b0 Thread added: 0x000001b1d5f0c260
Event: 21.256 Thread 0x000001b1d5f0c260 Thread exited: 0x000001b1d5f0c260
Event: 21.457 Thread 0x000001b1d0e50050 Thread exited: 0x000001b1d0e50050
Event: 21.457 Thread 0x000001b1d6831bc0 Thread exited: 0x000001b1d6831bc0
Event: 21.670 Thread 0x000001b1d19837b0 Thread added: 0x000001b1d5f0c260
Event: 21.684 Thread 0x000001b1d001fe50 Thread added: 0x000001b1d0e50050
Event: 22.056 Thread 0x000001b1d0e50050 Thread exited: 0x000001b1d0e50050
Event: 22.309 Thread 0x000001b1d001fe50 Thread added: 0x000001b1d0e50050


Dynamic libraries:
0x00007ff7b3570000 - 0x00007ff7b357e000 	C:\Users\ADMIN\.jdks\corretto-21.0.4\bin\java.exe
0x00007ff908830000 - 0x00007ff908a28000 	C:\Windows\SYSTEM32\ntdll.dll
0x00007ff908080000 - 0x00007ff908141000 	C:\Windows\System32\KERNEL32.DLL
0x00007ff906370000 - 0x00007ff906666000 	C:\Windows\System32\KERNELBASE.dll
0x00007ff902360000 - 0x00007ff9023f4000 	C:\Windows\SYSTEM32\apphelp.dll
0x00007ff906050000 - 0x00007ff906150000 	C:\Windows\System32\ucrtbase.dll
0x00007ff8d34b0000 - 0x00007ff8d34cb000 	C:\Users\ADMIN\.jdks\corretto-21.0.4\bin\VCRUNTIME140.dll
0x00007ff8d5a60000 - 0x00007ff8d5a78000 	C:\Users\ADMIN\.jdks\corretto-21.0.4\bin\jli.dll
0x00007ff908650000 - 0x00007ff9087ef000 	C:\Windows\System32\USER32.dll
0x00007ff8f0c40000 - 0x00007ff8f0eda000 	C:\Windows\WinSxS\amd64_microsoft.windows.common-controls_6595b64144ccf1df_6.0.19041.4355_none_60b8b9eb71f62e16\COMCTL32.dll
0x00007ff906290000 - 0x00007ff9062b2000 	C:\Windows\System32\win32u.dll
0x00007ff9084b0000 - 0x00007ff90854e000 	C:\Windows\System32\msvcrt.dll
0x00007ff907f30000 - 0x00007ff907f5b000 	C:\Windows\System32\GDI32.dll
0x00007ff905f30000 - 0x00007ff906047000 	C:\Windows\System32\gdi32full.dll
0x00007ff906150000 - 0x00007ff9061ed000 	C:\Windows\System32\msvcp_win.dll
0x00007ff906860000 - 0x00007ff90688f000 	C:\Windows\System32\IMM32.DLL
0x00007ff8dc180000 - 0x00007ff8dc18c000 	C:\Users\ADMIN\.jdks\corretto-21.0.4\bin\vcruntime140_1.dll
0x00007ff8ab6d0000 - 0x00007ff8ab75d000 	C:\Users\ADMIN\.jdks\corretto-21.0.4\bin\msvcp140.dll
0x00007ff8504c0000 - 0x00007ff851256000 	C:\Users\ADMIN\.jdks\corretto-21.0.4\bin\server\jvm.dll
0x00007ff906a90000 - 0x00007ff906b40000 	C:\Windows\System32\ADVAPI32.dll
0x00007ff908550000 - 0x00007ff9085f0000 	C:\Windows\System32\sechost.dll
0x00007ff907da0000 - 0x00007ff907ec3000 	C:\Windows\System32\RPCRT4.dll
0x00007ff9061f0000 - 0x00007ff906217000 	C:\Windows\System32\bcrypt.dll
0x00007ff907f60000 - 0x00007ff907fcb000 	C:\Windows\System32\WS2_32.dll
0x00007ff905410000 - 0x00007ff90545b000 	C:\Windows\SYSTEM32\POWRPROF.dll
0x00007ff8fd6a0000 - 0x00007ff8fd6c7000 	C:\Windows\SYSTEM32\WINMM.dll
0x00007ff8ff850000 - 0x00007ff8ff85a000 	C:\Windows\SYSTEM32\VERSION.dll
0x00007ff9052d0000 - 0x00007ff9052e2000 	C:\Windows\SYSTEM32\UMPDC.dll
0x00007ff903d80000 - 0x00007ff903d92000 	C:\Windows\SYSTEM32\kernel.appcore.dll
0x00007ff8db6d0000 - 0x00007ff8db6da000 	C:\Users\ADMIN\.jdks\corretto-21.0.4\bin\jimage.dll
0x00007ff903230000 - 0x00007ff903414000 	C:\Windows\SYSTEM32\DBGHELP.DLL
0x00007ff8e7f00000 - 0x00007ff8e7f34000 	C:\Windows\SYSTEM32\dbgcore.DLL
0x00007ff9067d0000 - 0x00007ff906852000 	C:\Windows\System32\bcryptPrimitives.dll
0x00007ff901540000 - 0x00007ff90154e000 	C:\Users\ADMIN\.jdks\corretto-21.0.4\bin\instrument.dll
0x00007ff8d3340000 - 0x00007ff8d335f000 	C:\Users\ADMIN\.jdks\corretto-21.0.4\bin\java.dll
0x00007ff906b40000 - 0x00007ff9072ac000 	C:\Windows\System32\SHELL32.dll
0x00007ff903f80000 - 0x00007ff90471e000 	C:\Windows\SYSTEM32\windows.storage.dll
0x00007ff908150000 - 0x00007ff9084a3000 	C:\Windows\System32\combase.dll
0x00007ff905900000 - 0x00007ff90592e000 	C:\Windows\SYSTEM32\Wldp.dll
0x00007ff906890000 - 0x00007ff90695d000 	C:\Windows\System32\OLEAUT32.dll
0x00007ff907ab0000 - 0x00007ff907b5d000 	C:\Windows\System32\SHCORE.dll
0x00007ff907ed0000 - 0x00007ff907f25000 	C:\Windows\System32\shlwapi.dll
0x00007ff905e10000 - 0x00007ff905e34000 	C:\Windows\SYSTEM32\profapi.dll
0x00007ff8ab2b0000 - 0x00007ff8ab387000 	C:\Users\ADMIN\.jdks\corretto-21.0.4\bin\jsvml.dll
0x00007ff8d2f70000 - 0x00007ff8d2f88000 	C:\Users\ADMIN\.jdks\corretto-21.0.4\bin\zip.dll
0x00007ff8d7d50000 - 0x00007ff8d7d60000 	C:\Users\ADMIN\.jdks\corretto-21.0.4\bin\net.dll
0x00007ff8ff4c0000 - 0x00007ff8ff5ca000 	C:\Windows\SYSTEM32\WINHTTP.dll
0x00007ff905660000 - 0x00007ff9056ca000 	C:\Windows\system32\mswsock.dll
0x00007ff8d2a60000 - 0x00007ff8d2a76000 	C:\Users\ADMIN\.jdks\corretto-21.0.4\bin\nio.dll
0x00007ff8f5d60000 - 0x00007ff8f5d70000 	C:\Users\ADMIN\.jdks\corretto-21.0.4\bin\verify.dll
0x00007ff8d3990000 - 0x00007ff8d39b7000 	C:\Users\ADMIN\.gradle\native\c067742578af261105cb4f569cf0c3c89f3d7b1fecec35dd04571415982c5e48\windows-amd64\native-platform.dll
0x00007ff8cd600000 - 0x00007ff8cd744000 	C:\Users\ADMIN\.gradle\native\38dada09dfb8b06ba9b0570ebf7e218e3eb74d4ef43ca46872605cf95ebc2f47\windows-amd64\native-platform-file-events.dll
0x00007ff8d64a0000 - 0x00007ff8d64a9000 	C:\Users\ADMIN\.jdks\corretto-21.0.4\bin\management.dll
0x00007ff8d5bf0000 - 0x00007ff8d5bfb000 	C:\Users\ADMIN\.jdks\corretto-21.0.4\bin\management_ext.dll
0x00007ff907aa0000 - 0x00007ff907aa8000 	C:\Windows\System32\PSAPI.DLL
0x00007ff905850000 - 0x00007ff905868000 	C:\Windows\SYSTEM32\CRYPTSP.dll
0x00007ff904f10000 - 0x00007ff904f44000 	C:\Windows\system32\rsaenh.dll
0x00007ff905dc0000 - 0x00007ff905dee000 	C:\Windows\SYSTEM32\USERENV.dll
0x00007ff905870000 - 0x00007ff90587c000 	C:\Windows\SYSTEM32\CRYPTBASE.dll
0x00007ff9052f0000 - 0x00007ff90532b000 	C:\Windows\SYSTEM32\IPHLPAPI.DLL
0x00007ff907d90000 - 0x00007ff907d98000 	C:\Windows\System32\NSI.dll
0x00007ff8d5a30000 - 0x00007ff8d5a39000 	C:\Users\ADMIN\.jdks\corretto-21.0.4\bin\extnet.dll
0x00007ff8d57c0000 - 0x00007ff8d57ce000 	C:\Users\ADMIN\.jdks\corretto-21.0.4\bin\sunmscapi.dll
0x00007ff906670000 - 0x00007ff9067ce000 	C:\Windows\System32\CRYPT32.dll
0x00007ff905970000 - 0x00007ff905999000 	C:\Windows\SYSTEM32\ncrypt.dll
0x00007ff905930000 - 0x00007ff90596b000 	C:\Windows\SYSTEM32\NTASN1.dll
0x00007ff8d7a30000 - 0x00007ff8d7a37000 	C:\Windows\system32\wshunix.dll
0x00007ff905330000 - 0x00007ff9053fa000 	C:\Windows\SYSTEM32\DNSAPI.dll
0x00007ff8fadd0000 - 0x00007ff8fadda000 	C:\Windows\System32\rasadhlp.dll
0x00007ff8fade0000 - 0x00007ff8fae60000 	C:\Windows\System32\fwpuclnt.dll

dbghelp: loaded successfully - version: 4.0.5 - missing functions: none
symbol engine: initialized successfully - sym options: 0x614 - pdb path: .;C:\Users\ADMIN\.jdks\corretto-21.0.4\bin;C:\Windows\SYSTEM32;C:\Windows\WinSxS\amd64_microsoft.windows.common-controls_6595b64144ccf1df_6.0.19041.4355_none_60b8b9eb71f62e16;C:\Users\ADMIN\.jdks\corretto-21.0.4\bin\server;C:\Users\ADMIN\.gradle\native\c067742578af261105cb4f569cf0c3c89f3d7b1fecec35dd04571415982c5e48\windows-amd64;C:\Users\ADMIN\.gradle\native\38dada09dfb8b06ba9b0570ebf7e218e3eb74d4ef43ca46872605cf95ebc2f47\windows-amd64

VM Arguments:
jvm_args: --add-opens=java.base/java.util=ALL-UNNAMED --add-opens=java.base/java.lang=ALL-UNNAMED --add-opens=java.base/java.lang.invoke=ALL-UNNAMED --add-opens=java.prefs/java.util.prefs=ALL-UNNAMED --add-opens=java.base/java.nio.charset=ALL-UNNAMED --add-opens=java.base/java.net=ALL-UNNAMED --add-opens=java.base/java.util.concurrent.atomic=ALL-UNNAMED -XX:MaxMetaspaceSize=384m -XX:+HeapDumpOnOutOfMemoryError -Xms256m -Xmx512m -Dfile.encoding=GBK -Duser.country=CN -Duser.language=zh -Duser.variant -javaagent:C:\Users\ADMIN\.gradle\wrapper\dists\gradle-8.6-bin\9kfl6m3v6ux5ki4g2exnpl853\gradle-8.6\lib\agents\gradle-instrumentation-agent-8.6.jar 
java_command: org.gradle.launcher.daemon.bootstrap.GradleDaemon 8.6
java_class_path (initial): C:\Users\ADMIN\.gradle\wrapper\dists\gradle-8.6-bin\9kfl6m3v6ux5ki4g2exnpl853\gradle-8.6\lib\gradle-launcher-8.6.jar
Launcher Type: SUN_STANDARD

[Global flags]
     intx CICompilerCount                          = 4                                         {product} {ergonomic}
   size_t CompressedClassSpaceSize                 = 335544320                                 {product} {ergonomic}
     uint ConcGCThreads                            = 3                                         {product} {ergonomic}
     uint G1ConcRefinementThreads                  = 10                                        {product} {ergonomic}
   size_t G1HeapRegionSize                         = 1048576                                   {product} {ergonomic}
    uintx GCDrainStackTargetSize                   = 64                                        {product} {ergonomic}
     bool HeapDumpOnOutOfMemoryError               = true                                   {manageable} {command line}
   size_t InitialHeapSize                          = 268435456                                 {product} {command line}
   size_t MarkStackSize                            = 4194304                                   {product} {ergonomic}
   size_t MaxHeapSize                              = 536870912                                 {product} {command line}
   size_t MaxMetaspaceSize                         = 402653184                                 {product} {command line}
   size_t MaxNewSize                               = 321912832                                 {product} {ergonomic}
   size_t MinHeapDeltaBytes                        = 1048576                                   {product} {ergonomic}
   size_t MinHeapSize                              = 268435456                                 {product} {command line}
    uintx NonNMethodCodeHeapSize                   = 5839372                                {pd product} {ergonomic}
    uintx NonProfiledCodeHeapSize                  = 122909434                              {pd product} {ergonomic}
    uintx ProfiledCodeHeapSize                     = 122909434                              {pd product} {ergonomic}
    uintx ReservedCodeCacheSize                    = 251658240                              {pd product} {ergonomic}
     bool SegmentedCodeCache                       = true                                      {product} {ergonomic}
   size_t SoftMaxHeapSize                          = 536870912                              {manageable} {ergonomic}
     bool UseCompressedOops                        = true                           {product lp64_product} {ergonomic}
     bool UseG1GC                                  = true                                      {product} {ergonomic}
     bool UseLargePagesIndividualAllocation        = false                                  {pd product} {ergonomic}

Logging:
Log output configuration:
 #0: stdout all=warning uptime,level,tags foldmultilines=false
 #1: stderr all=off uptime,level,tags foldmultilines=false

Environment Variables:
JAVA_HOME=C:\Program Files\BellSoft\LibericaJDK-11\
PATH=C:\Program Files (x86)\Razer Chroma SDK\bin;C:\Program Files\Razer Chroma SDK\bin;C:\Program Files\BellSoft\LibericaJDK-11\bin\;C:\Program Files\BellSoft\LibericaJDK-21\bin\;C:\Program Files\Microsoft\jdk-17.0.11.9-hotspot\bin;C:\Program Files (x86)\Razer\ChromaBroadcast\bin;C:\Program Files\Razer\ChromaBroadcast\bin;C:\Windows\system32;C:\Windows;C:\Windows\System32\Wbem;C:\Windows\System32\WindowsPowerShell\v1.0\;C:\Windows\System32\OpenSSH\;C:\Program Files (x86)\NVIDIA Corporation\PhysX\Common;C:\Windows\system32\config\systemprofile\AppData\Local\Microsoft\WindowsApps;C:\Program Files\NVIDIA Corporation\NVIDIA NvDLISR;C:\Program Files\Bandizip\;E:\mingw\mingw64\bin;C:\Program Files\Git\cmd;C:\Users\ADMIN\AppData\Local\Programs\Python\Python312\Scripts;C:\Users\ADMIN\AppData\Local\Programs\Python\Launcher\;C:\Users\ADMIN\AppData\Local\Microsoft\WindowsApps;;C:\Program Files\JetBrains\CLion 2024.1.4\bin;;C:\Program Files\JetBrains\PyCharm 2024.1.4\bin;
USERNAME=ADMIN
OS=Windows_NT
PROCESSOR_IDENTIFIER=Intel64 Family 6 Model 165 Stepping 5, GenuineIntel
TMP=C:\Users\ADMIN\AppData\Local\Temp
TEMP=C:\Users\ADMIN\AppData\Local\Temp




Periodic native trim disabled

---------------  S Y S T E M  ---------------

OS:
 Windows 10 , 64 bit Build 19041 (10.0.19041.4597)
OS uptime: 12 days 23:27 hours

CPU: total 12 (initial active 12) (6 cores per cpu, 2 threads per core) family 6 model 165 stepping 5 microcode 0xe2, cx8, cmov, fxsr, ht, mmx, 3dnowpref, sse, sse2, sse3, ssse3, sse4.1, sse4.2, popcnt, lzcnt, tsc, tscinvbit, avx, avx2, aes, erms, clmul, bmi1, bmi2, adx, fma, vzeroupper, clflush, clflushopt, rdtscp, f16c, pku
Processor Information for all 12 processors :
  Max Mhz: 4104, Current Mhz: 4104, Mhz Limit: 4104

Memory: 4k page, system-wide physical 49005M (27809M free)
TotalPageFile size 108544M (AvailPageFile size 5M)
current process WorkingSet (physical memory assigned to process): 581M, peak: 581M
current process commit charge ("private bytes"): 630M, peak: 631M

vm_info: OpenJDK 64-Bit Server VM (21.0.4+7-LTS) for windows-amd64 JRE (21.0.4+7-LTS), built on 2024-07-10T17:34:29Z by "Administrator" with MS VC++ 16.10 / 16.11 (VS2019)

END.
